
==========================================================================
global place report_tns
--------------------------------------------------------------------------
tns max 0.00

==========================================================================
global place report_wns
--------------------------------------------------------------------------
wns max 0.00

==========================================================================
global place report_worst_slack
--------------------------------------------------------------------------
worst slack max 0.04

==========================================================================
global place report_clock_min_period
--------------------------------------------------------------------------
core_clock period_min = 0.42 fmax = 2383.41

==========================================================================
global place report_checks -path_delay min
--------------------------------------------------------------------------
Startpoint: ctrl.state.out[1]$_DFF_P_
            (rising edge-triggered flip-flop clocked by core_clock)
Endpoint: ctrl.state.out[1]$_DFF_P_
          (rising edge-triggered flip-flop clocked by core_clock)
Path Group: core_clock
Path Type: min

Fanout     Cap    Slew   Delay    Time   Description
-----------------------------------------------------------------------------
                  0.00    0.00    0.00   clock core_clock (rise edge)
                          0.00    0.00   clock network delay (ideal)
                  0.00    0.00    0.00 ^ ctrl.state.out[1]$_DFF_P_/CK (DFF_X1)
     2    2.75    0.01    0.08    0.08 v ctrl.state.out[1]$_DFF_P_/Q (DFF_X1)
                                         ctrl.state.out[1] (net)
                  0.01    0.00    0.08 v _524_/A3 (NAND3_X1)
     1    1.77    0.01    0.02    0.10 ^ _524_/ZN (NAND3_X1)
                                         _071_ (net)
                  0.01    0.00    0.10 ^ _525_/A (OAI21_X1)
     1    1.35    0.01    0.01    0.11 v _525_/ZN (OAI21_X1)
                                         _001_ (net)
                  0.01    0.00    0.11 v ctrl.state.out[1]$_DFF_P_/D (DFF_X1)
                                  0.11   data arrival time

                  0.00    0.00    0.00   clock core_clock (rise edge)
                          0.00    0.00   clock network delay (ideal)
                          0.00    0.00   clock reconvergence pessimism
                                  0.00 ^ ctrl.state.out[1]$_DFF_P_/CK (DFF_X1)
                          0.00    0.00   library hold time
                                  0.00   data required time
-----------------------------------------------------------------------------
                                  0.00   data required time
                                 -0.11   data arrival time
-----------------------------------------------------------------------------
                                  0.11   slack (MET)



==========================================================================
global place report_checks -path_delay max
--------------------------------------------------------------------------
Startpoint: dpath.b_reg.out[13]$_DFFE_PP_
            (rising edge-triggered flip-flop clocked by core_clock)
Endpoint: dpath.a_reg.out[9]$_DFFE_PP_
          (rising edge-triggered flip-flop clocked by core_clock)
Path Group: core_clock
Path Type: max

Fanout     Cap    Slew   Delay    Time   Description
-----------------------------------------------------------------------------
                  0.00    0.00    0.00   clock core_clock (rise edge)
                          0.00    0.00   clock network delay (ideal)
                  0.00    0.00    0.00 ^ dpath.b_reg.out[13]$_DFFE_PP_/CK (DFF_X1)
     3   11.83    0.03    0.11    0.11 ^ dpath.b_reg.out[13]$_DFFE_PP_/Q (DFF_X1)
                                         dpath.a_lt_b$in1[13] (net)
                  0.03    0.00    0.11 ^ _498_/A (INV_X2)
     3    9.27    0.01    0.02    0.12 v _498_/ZN (INV_X2)
                                         _048_ (net)
                  0.01    0.00    0.12 v _717_/A1 (NOR2_X4)
     2    8.60    0.02    0.03    0.15 ^ _717_/ZN (NOR2_X4)
                                         _250_ (net)
                  0.02    0.00    0.15 ^ _728_/A (INV_X1)
     1    1.59    0.01    0.01    0.16 v _728_/ZN (INV_X1)
                                         _260_ (net)
                  0.01    0.00    0.16 v _729_/A (OAI21_X1)
     2    4.10    0.03    0.02    0.18 ^ _729_/ZN (OAI21_X1)
                                         _261_ (net)
                  0.03    0.00    0.18 ^ _769_/A1 (NOR2_X1)
     1    2.82    0.01    0.01    0.20 v _769_/ZN (NOR2_X1)
                                         _299_ (net)
                  0.01    0.00    0.20 v _772_/A1 (NOR2_X2)
     1    3.61    0.02    0.02    0.22 ^ _772_/ZN (NOR2_X2)
                                         _302_ (net)
                  0.02    0.00    0.22 ^ _773_/A2 (NAND2_X2)
     1    5.85    0.01    0.02    0.24 v _773_/ZN (NAND2_X2)
                                         _303_ (net)
                  0.01    0.00    0.24 v _774_/A (INV_X4)
     3   19.75    0.01    0.02    0.26 ^ _774_/ZN (INV_X4)
                                         _304_ (net)
                  0.01    0.00    0.26 ^ _778_/A4 (NAND4_X4)
    11   32.19    0.04    0.06    0.32 v _778_/ZN (NAND4_X4)
                                         _308_ (net)
                  0.04    0.00    0.32 v _883_/B1 (OAI21_X1)
     1    1.63    0.02    0.04    0.36 ^ _883_/ZN (OAI21_X1)
                                         _398_ (net)
                  0.02    0.00    0.36 ^ _884_/A1 (NAND2_X1)
     1    1.59    0.02    0.02    0.37 v _884_/ZN (NAND2_X1)
                                         _399_ (net)
                  0.02    0.00    0.37 v _887_/A1 (NAND2_X1)
     1    1.18    0.01    0.02    0.39 ^ _887_/ZN (NAND2_X1)
                                         _019_ (net)
                  0.01    0.00    0.39 ^ dpath.a_reg.out[9]$_DFFE_PP_/D (DFF_X1)
                                  0.39   data arrival time

                  0.00    0.46    0.46   clock core_clock (rise edge)
                          0.00    0.46   clock network delay (ideal)
                          0.00    0.46   clock reconvergence pessimism
                                  0.46 ^ dpath.a_reg.out[9]$_DFFE_PP_/CK (DFF_X1)
                         -0.03    0.43   library setup time
                                  0.43   data required time
-----------------------------------------------------------------------------
                                  0.43   data required time
                                 -0.39   data arrival time
-----------------------------------------------------------------------------
                                  0.04   slack (MET)



==========================================================================
global place report_checks -unconstrained
--------------------------------------------------------------------------
Startpoint: dpath.b_reg.out[13]$_DFFE_PP_
            (rising edge-triggered flip-flop clocked by core_clock)
Endpoint: dpath.a_reg.out[9]$_DFFE_PP_
          (rising edge-triggered flip-flop clocked by core_clock)
Path Group: core_clock
Path Type: max

Fanout     Cap    Slew   Delay    Time   Description
-----------------------------------------------------------------------------
                  0.00    0.00    0.00   clock core_clock (rise edge)
                          0.00    0.00   clock network delay (ideal)
                  0.00    0.00    0.00 ^ dpath.b_reg.out[13]$_DFFE_PP_/CK (DFF_X1)
     3   11.83    0.03    0.11    0.11 ^ dpath.b_reg.out[13]$_DFFE_PP_/Q (DFF_X1)
                                         dpath.a_lt_b$in1[13] (net)
                  0.03    0.00    0.11 ^ _498_/A (INV_X2)
     3    9.27    0.01    0.02    0.12 v _498_/ZN (INV_X2)
                                         _048_ (net)
                  0.01    0.00    0.12 v _717_/A1 (NOR2_X4)
     2    8.60    0.02    0.03    0.15 ^ _717_/ZN (NOR2_X4)
                                         _250_ (net)
                  0.02    0.00    0.15 ^ _728_/A (INV_X1)
     1    1.59    0.01    0.01    0.16 v _728_/ZN (INV_X1)
                                         _260_ (net)
                  0.01    0.00    0.16 v _729_/A (OAI21_X1)
     2    4.10    0.03    0.02    0.18 ^ _729_/ZN (OAI21_X1)
                                         _261_ (net)
                  0.03    0.00    0.18 ^ _769_/A1 (NOR2_X1)
     1    2.82    0.01    0.01    0.20 v _769_/ZN (NOR2_X1)
                                         _299_ (net)
                  0.01    0.00    0.20 v _772_/A1 (NOR2_X2)
     1    3.61    0.02    0.02    0.22 ^ _772_/ZN (NOR2_X2)
                                         _302_ (net)
                  0.02    0.00    0.22 ^ _773_/A2 (NAND2_X2)
     1    5.85    0.01    0.02    0.24 v _773_/ZN (NAND2_X2)
                                         _303_ (net)
                  0.01    0.00    0.24 v _774_/A (INV_X4)
     3   19.75    0.01    0.02    0.26 ^ _774_/ZN (INV_X4)
                                         _304_ (net)
                  0.01    0.00    0.26 ^ _778_/A4 (NAND4_X4)
    11   32.19    0.04    0.06    0.32 v _778_/ZN (NAND4_X4)
                                         _308_ (net)
                  0.04    0.00    0.32 v _883_/B1 (OAI21_X1)
     1    1.63    0.02    0.04    0.36 ^ _883_/ZN (OAI21_X1)
                                         _398_ (net)
                  0.02    0.00    0.36 ^ _884_/A1 (NAND2_X1)
     1    1.59    0.02    0.02    0.37 v _884_/ZN (NAND2_X1)
                                         _399_ (net)
                  0.02    0.00    0.37 v _887_/A1 (NAND2_X1)
     1    1.18    0.01    0.02    0.39 ^ _887_/ZN (NAND2_X1)
                                         _019_ (net)
                  0.01    0.00    0.39 ^ dpath.a_reg.out[9]$_DFFE_PP_/D (DFF_X1)
                                  0.39   data arrival time

                  0.00    0.46    0.46   clock core_clock (rise edge)
                          0.00    0.46   clock network delay (ideal)
                          0.00    0.46   clock reconvergence pessimism
                                  0.46 ^ dpath.a_reg.out[9]$_DFFE_PP_/CK (DFF_X1)
                         -0.03    0.43   library setup time
                                  0.43   data required time
-----------------------------------------------------------------------------
                                  0.43   data required time
                                 -0.39   data arrival time
-----------------------------------------------------------------------------
                                  0.04   slack (MET)



==========================================================================
global place report_power
--------------------------------------------------------------------------
Group                  Internal  Switching    Leakage      Total
                          Power      Power      Power      Power (Watts)
----------------------------------------------------------------
Sequential             5.07e-04   1.16e-04   2.80e-06   6.26e-04  23.4%
Combinational          1.01e-03   1.03e-03   1.33e-05   2.05e-03  76.6%
Clock                  0.00e+00   0.00e+00   0.00e+00   0.00e+00   0.0%
Macro                  0.00e+00   0.00e+00   0.00e+00   0.00e+00   0.0%
Pad                    0.00e+00   0.00e+00   0.00e+00   0.00e+00   0.0%
----------------------------------------------------------------
Total                  1.52e-03   1.15e-03   1.61e-05   2.68e-03 100.0%
                          56.6%      42.8%       0.6%
