
==========================================================================
global route report_tns
--------------------------------------------------------------------------
tns max -0.58

==========================================================================
global route report_wns
--------------------------------------------------------------------------
wns max -0.06

==========================================================================
global route report_worst_slack
--------------------------------------------------------------------------
worst slack max -0.06

==========================================================================
global route report_clock_min_period
--------------------------------------------------------------------------
core_clock period_min = 0.52 fmax = 1918.90

==========================================================================
global route report_clock_skew
--------------------------------------------------------------------------
Clock core_clock
   0.07 source latency dpath.b_reg.out[15]$_DFFE_PP_/CK ^
  -0.07 target latency dpath.b_reg.out[7]$_DFFE_PP_/CK ^
   0.00 CRPR
--------------
   0.00 setup skew


==========================================================================
global route report_checks -path_delay min
--------------------------------------------------------------------------
Startpoint: req_msg[26] (input port clocked by core_clock)
Endpoint: dpath.a_reg.out[10]$_DFFE_PP_
          (rising edge-triggered flip-flop clocked by core_clock)
Path Group: core_clock
Path Type: min

Fanout     Cap    Slew   Delay    Time   Description
-----------------------------------------------------------------------------
                          0.00    0.00   clock core_clock (rise edge)
                          0.00    0.00   clock network delay (propagated)
                          0.09    0.09 ^ input external delay
     1    1.40    0.00    0.00    0.09 ^ req_msg[26] (in)
                                         req_msg[26] (net)
                  0.00    0.00    0.09 ^ input19/A (BUF_X1)
     1    1.79    0.01    0.02    0.11 ^ input19/Z (BUF_X1)
                                         net19 (net)
                  0.01    0.00    0.11 ^ _795_/B2 (AOI21_X1)
     1    1.57    0.01    0.01    0.12 v _795_/ZN (AOI21_X1)
                                         _324_ (net)
                  0.01    0.00    0.12 v _796_/A2 (NAND2_X1)
     1    1.41    0.01    0.01    0.14 ^ _796_/ZN (NAND2_X1)
                                         _005_ (net)
                  0.01    0.00    0.14 ^ dpath.a_reg.out[10]$_DFFE_PP_/D (DFF_X1)
                                  0.14   data arrival time

                          0.00    0.00   clock core_clock (rise edge)
                          0.00    0.00   clock source latency
     1    4.87    0.00    0.00    0.00 ^ clk (in)
                                         clk (net)
                  0.00    0.00    0.00 ^ clkbuf_0_clk/A (CLKBUF_X3)
     4    9.83    0.01    0.03    0.03 ^ clkbuf_0_clk/Z (CLKBUF_X3)
                                         clknet_0_clk (net)
                  0.01    0.00    0.03 ^ clkbuf_2_2__f_clk/A (CLKBUF_X3)
    11   13.83    0.01    0.04    0.07 ^ clkbuf_2_2__f_clk/Z (CLKBUF_X3)
                                         clknet_2_2__leaf_clk (net)
                  0.01    0.00    0.07 ^ dpath.a_reg.out[10]$_DFFE_PP_/CK (DFF_X1)
                          0.00    0.07   clock reconvergence pessimism
                          0.01    0.08   library hold time
                                  0.08   data required time
-----------------------------------------------------------------------------
                                  0.08   data required time
                                 -0.14   data arrival time
-----------------------------------------------------------------------------
                                  0.06   slack (MET)



==========================================================================
global route report_checks -path_delay max
--------------------------------------------------------------------------
Startpoint: dpath.a_reg.out[3]$_DFFE_PP_
            (rising edge-triggered flip-flop clocked by core_clock)
Endpoint: resp_msg[9] (output port clocked by core_clock)
Path Group: core_clock
Path Type: max

Fanout     Cap    Slew   Delay    Time   Description
-----------------------------------------------------------------------------
                          0.00    0.00   clock core_clock (rise edge)
                          0.00    0.00   clock source latency
     1    4.87    0.00    0.00    0.00 ^ clk (in)
                                         clk (net)
                  0.00    0.00    0.00 ^ clkbuf_0_clk/A (CLKBUF_X3)
     4    9.83    0.01    0.03    0.03 ^ clkbuf_0_clk/Z (CLKBUF_X3)
                                         clknet_0_clk (net)
                  0.01    0.00    0.03 ^ clkbuf_2_0__f_clk/A (CLKBUF_X3)
    10   12.72    0.01    0.04    0.07 ^ clkbuf_2_0__f_clk/Z (CLKBUF_X3)
                                         clknet_2_0__leaf_clk (net)
                  0.01    0.00    0.07 ^ dpath.a_reg.out[3]$_DFFE_PP_/CK (DFF_X1)
     4   16.74    0.04    0.12    0.19 ^ dpath.a_reg.out[3]$_DFFE_PP_/Q (DFF_X1)
                                         dpath.a_lt_b$in0[3] (net)
                  0.04    0.00    0.20 ^ _549_/A (INV_X2)
     2    7.30    0.01    0.02    0.21 v _549_/ZN (INV_X2)
                                         _091_ (net)
                  0.01    0.00    0.21 v _550_/A1 (NAND2_X4)
     2   12.89    0.01    0.02    0.23 ^ _550_/ZN (NAND2_X4)
                                         _092_ (net)
                  0.01    0.00    0.23 ^ _551_/A1 (NAND2_X4)
     2    7.03    0.01    0.01    0.24 v _551_/ZN (NAND2_X4)
                                         _093_ (net)
                  0.01    0.00    0.25 v rebuffer81/A (BUF_X1)
     1    1.74    0.01    0.03    0.27 v rebuffer81/Z (BUF_X1)
                                         net81 (net)
                  0.01    0.00    0.27 v _626_/A1 (NOR2_X1)
     1    2.25    0.02    0.02    0.30 ^ _626_/ZN (NOR2_X1)
                                         _163_ (net)
                  0.02    0.00    0.30 ^ _629_/A1 (NAND2_X1)
     1    2.41    0.01    0.02    0.31 v _629_/ZN (NAND2_X1)
                                         _166_ (net)
                  0.01    0.00    0.31 v _630_/A1 (NAND2_X1)
     1    4.51    0.02    0.02    0.33 ^ _630_/ZN (NAND2_X1)
                                         _167_ (net)
                  0.02    0.00    0.33 ^ _631_/A1 (NAND2_X2)
     2    3.55    0.01    0.01    0.35 v _631_/ZN (NAND2_X2)
                                         _168_ (net)
                  0.01    0.00    0.35 v _642_/A2 (NAND3_X1)
     1    2.74    0.01    0.02    0.37 ^ _642_/ZN (NAND3_X1)
                                         _179_ (net)
                  0.01    0.00    0.37 ^ _643_/A1 (NAND2_X1)
     1    3.81    0.01    0.02    0.39 v _643_/ZN (NAND2_X1)
                                         _180_ (net)
                  0.01    0.00    0.39 v _644_/A2 (NAND2_X2)
     2    5.00    0.01    0.02    0.41 ^ _644_/ZN (NAND2_X2)
                                         net52 (net)
                  0.01    0.00    0.41 ^ output52/A (BUF_X1)
     1    0.70    0.01    0.02    0.43 ^ output52/Z (BUF_X1)
                                         resp_msg[9] (net)
                  0.01    0.00    0.43 ^ resp_msg[9] (out)
                                  0.43   data arrival time

                          0.46    0.46   clock core_clock (rise edge)
                          0.00    0.46   clock network delay (propagated)
                          0.00    0.46   clock reconvergence pessimism
                         -0.09    0.37   output external delay
                                  0.37   data required time
-----------------------------------------------------------------------------
                                  0.37   data required time
                                 -0.43   data arrival time
-----------------------------------------------------------------------------
                                 -0.06   slack (VIOLATED)



==========================================================================
global route report_checks -unconstrained
--------------------------------------------------------------------------
Startpoint: dpath.a_reg.out[3]$_DFFE_PP_
            (rising edge-triggered flip-flop clocked by core_clock)
Endpoint: resp_msg[9] (output port clocked by core_clock)
Path Group: core_clock
Path Type: max

Fanout     Cap    Slew   Delay    Time   Description
-----------------------------------------------------------------------------
                          0.00    0.00   clock core_clock (rise edge)
                          0.00    0.00   clock source latency
     1    4.87    0.00    0.00    0.00 ^ clk (in)
                                         clk (net)
                  0.00    0.00    0.00 ^ clkbuf_0_clk/A (CLKBUF_X3)
     4    9.83    0.01    0.03    0.03 ^ clkbuf_0_clk/Z (CLKBUF_X3)
                                         clknet_0_clk (net)
                  0.01    0.00    0.03 ^ clkbuf_2_0__f_clk/A (CLKBUF_X3)
    10   12.72    0.01    0.04    0.07 ^ clkbuf_2_0__f_clk/Z (CLKBUF_X3)
                                         clknet_2_0__leaf_clk (net)
                  0.01    0.00    0.07 ^ dpath.a_reg.out[3]$_DFFE_PP_/CK (DFF_X1)
     4   16.74    0.04    0.12    0.19 ^ dpath.a_reg.out[3]$_DFFE_PP_/Q (DFF_X1)
                                         dpath.a_lt_b$in0[3] (net)
                  0.04    0.00    0.20 ^ _549_/A (INV_X2)
     2    7.30    0.01    0.02    0.21 v _549_/ZN (INV_X2)
                                         _091_ (net)
                  0.01    0.00    0.21 v _550_/A1 (NAND2_X4)
     2   12.89    0.01    0.02    0.23 ^ _550_/ZN (NAND2_X4)
                                         _092_ (net)
                  0.01    0.00    0.23 ^ _551_/A1 (NAND2_X4)
     2    7.03    0.01    0.01    0.24 v _551_/ZN (NAND2_X4)
                                         _093_ (net)
                  0.01    0.00    0.25 v rebuffer81/A (BUF_X1)
     1    1.74    0.01    0.03    0.27 v rebuffer81/Z (BUF_X1)
                                         net81 (net)
                  0.01    0.00    0.27 v _626_/A1 (NOR2_X1)
     1    2.25    0.02    0.02    0.30 ^ _626_/ZN (NOR2_X1)
                                         _163_ (net)
                  0.02    0.00    0.30 ^ _629_/A1 (NAND2_X1)
     1    2.41    0.01    0.02    0.31 v _629_/ZN (NAND2_X1)
                                         _166_ (net)
                  0.01    0.00    0.31 v _630_/A1 (NAND2_X1)
     1    4.51    0.02    0.02    0.33 ^ _630_/ZN (NAND2_X1)
                                         _167_ (net)
                  0.02    0.00    0.33 ^ _631_/A1 (NAND2_X2)
     2    3.55    0.01    0.01    0.35 v _631_/ZN (NAND2_X2)
                                         _168_ (net)
                  0.01    0.00    0.35 v _642_/A2 (NAND3_X1)
     1    2.74    0.01    0.02    0.37 ^ _642_/ZN (NAND3_X1)
                                         _179_ (net)
                  0.01    0.00    0.37 ^ _643_/A1 (NAND2_X1)
     1    3.81    0.01    0.02    0.39 v _643_/ZN (NAND2_X1)
                                         _180_ (net)
                  0.01    0.00    0.39 v _644_/A2 (NAND2_X2)
     2    5.00    0.01    0.02    0.41 ^ _644_/ZN (NAND2_X2)
                                         net52 (net)
                  0.01    0.00    0.41 ^ output52/A (BUF_X1)
     1    0.70    0.01    0.02    0.43 ^ output52/Z (BUF_X1)
                                         resp_msg[9] (net)
                  0.01    0.00    0.43 ^ resp_msg[9] (out)
                                  0.43   data arrival time

                          0.46    0.46   clock core_clock (rise edge)
                          0.00    0.46   clock network delay (propagated)
                          0.00    0.46   clock reconvergence pessimism
                         -0.09    0.37   output external delay
                                  0.37   data required time
-----------------------------------------------------------------------------
                                  0.37   data required time
                                 -0.43   data arrival time
-----------------------------------------------------------------------------
                                 -0.06   slack (VIOLATED)



==========================================================================
global route report_check_types -max_slew -max_cap -max_fanout -violators
--------------------------------------------------------------------------

==========================================================================
global route max_slew_check_slack
--------------------------------------------------------------------------
0.11347939819097519

==========================================================================
global route max_slew_check_limit
--------------------------------------------------------------------------
0.1985349953174591

==========================================================================
global route max_slew_check_slack_limit
--------------------------------------------------------------------------
0.5716

==========================================================================
global route max_fanout_check_slack
--------------------------------------------------------------------------
1.0000000150474662e+30

==========================================================================
global route max_fanout_check_limit
--------------------------------------------------------------------------
1.0000000150474662e+30

==========================================================================
global route max_capacitance_check_slack
--------------------------------------------------------------------------
14.024876594543457

==========================================================================
global route max_capacitance_check_limit
--------------------------------------------------------------------------
16.021699905395508

==========================================================================
global route max_capacitance_check_slack_limit
--------------------------------------------------------------------------
0.8754

==========================================================================
global route max_slew_violation_count
--------------------------------------------------------------------------
max slew violation count 0

==========================================================================
global route max_fanout_violation_count
--------------------------------------------------------------------------
max fanout violation count 0

==========================================================================
global route max_cap_violation_count
--------------------------------------------------------------------------
max cap violation count 0

==========================================================================
global route setup_violation_count
--------------------------------------------------------------------------
setup violation count 26

==========================================================================
global route hold_violation_count
--------------------------------------------------------------------------
hold violation count 0

==========================================================================
global route report_checks -path_delay max reg to reg
--------------------------------------------------------------------------
Startpoint: dpath.b_reg.out[7]$_DFFE_PP_
            (rising edge-triggered flip-flop clocked by core_clock)
Endpoint: dpath.b_reg.out[6]$_DFFE_PP_
          (rising edge-triggered flip-flop clocked by core_clock)
Path Group: core_clock
Path Type: max

  Delay    Time   Description
---------------------------------------------------------
   0.00    0.00   clock core_clock (rise edge)
   0.00    0.00   clock source latency
   0.00    0.00 ^ clk (in)
   0.03    0.03 ^ clkbuf_0_clk/Z (CLKBUF_X3)
   0.04    0.07 ^ clkbuf_2_1__f_clk/Z (CLKBUF_X3)
   0.00    0.07 ^ dpath.b_reg.out[7]$_DFFE_PP_/CK (DFF_X1)
   0.09    0.16 v dpath.b_reg.out[7]$_DFFE_PP_/Q (DFF_X1)
   0.03    0.19 ^ _501_/ZN (INV_X2)
   0.02    0.21 v _597_/ZN (NAND2_X1)
   0.03    0.23 ^ _599_/ZN (NAND2_X2)
   0.03    0.26 v _602_/ZN (NAND2_X2)
   0.04    0.30 ^ _603_/ZN (NOR2_X2)
   0.02    0.32 v _604_/ZN (NAND2_X4)
   0.02    0.33 ^ _613_/ZN (NAND2_X4)
   0.03    0.36 ^ rebuffer134/Z (BUF_X2)
   0.02    0.39 v _767_/ZN (NAND2_X4)
   0.02    0.41 ^ _797_/ZN (NAND3_X4)
   0.04    0.45 v _888_/ZN (NAND2_X4)
   0.03    0.48 ^ _940_/ZN (NAND2_X1)
   0.02    0.50 v _941_/ZN (OAI21_X1)
   0.00    0.50 v dpath.b_reg.out[6]$_DFFE_PP_/D (DFF_X1)
           0.50   data arrival time

   0.46    0.46   clock core_clock (rise edge)
   0.00    0.46   clock source latency
   0.00    0.46 ^ clk (in)
   0.03    0.49 ^ clkbuf_0_clk/Z (CLKBUF_X3)
   0.04    0.53 ^ clkbuf_2_1__f_clk/Z (CLKBUF_X3)
   0.00    0.53 ^ dpath.b_reg.out[6]$_DFFE_PP_/CK (DFF_X1)
   0.00    0.53   clock reconvergence pessimism
  -0.04    0.49   library setup time
           0.49   data required time
---------------------------------------------------------
           0.49   data required time
          -0.50   data arrival time
---------------------------------------------------------
          -0.01   slack (VIOLATED)



==========================================================================
global route report_checks -path_delay min reg to reg
--------------------------------------------------------------------------
Startpoint: ctrl.state.out[1]$_DFF_P_
            (rising edge-triggered flip-flop clocked by core_clock)
Endpoint: ctrl.state.out[1]$_DFF_P_
          (rising edge-triggered flip-flop clocked by core_clock)
Path Group: core_clock
Path Type: min

  Delay    Time   Description
---------------------------------------------------------
   0.00    0.00   clock core_clock (rise edge)
   0.00    0.00   clock source latency
   0.00    0.00 ^ clk (in)
   0.03    0.03 ^ clkbuf_0_clk/Z (CLKBUF_X3)
   0.04    0.07 ^ clkbuf_2_2__f_clk/Z (CLKBUF_X3)
   0.00    0.07 ^ ctrl.state.out[1]$_DFF_P_/CK (DFF_X1)
   0.09    0.16 v ctrl.state.out[1]$_DFF_P_/Q (DFF_X1)
   0.02    0.18 ^ _524_/ZN (NAND3_X1)
   0.01    0.19 v _525_/ZN (OAI21_X1)
   0.00    0.19 v ctrl.state.out[1]$_DFF_P_/D (DFF_X1)
           0.19   data arrival time

   0.00    0.00   clock core_clock (rise edge)
   0.00    0.00   clock source latency
   0.00    0.00 ^ clk (in)
   0.03    0.03 ^ clkbuf_0_clk/Z (CLKBUF_X3)
   0.04    0.07 ^ clkbuf_2_2__f_clk/Z (CLKBUF_X3)
   0.00    0.07 ^ ctrl.state.out[1]$_DFF_P_/CK (DFF_X1)
   0.00    0.07   clock reconvergence pessimism
   0.00    0.08   library hold time
           0.08   data required time
---------------------------------------------------------
           0.08   data required time
          -0.19   data arrival time
---------------------------------------------------------
           0.12   slack (MET)



==========================================================================
global route critical path target clock latency max path
--------------------------------------------------------------------------
0.0702

==========================================================================
global route critical path target clock latency min path
--------------------------------------------------------------------------
0.0719

==========================================================================
global route critical path source clock latency min path
--------------------------------------------------------------------------
0.0000

==========================================================================
global route critical path delay
--------------------------------------------------------------------------
0.4291

==========================================================================
global route critical path slack
--------------------------------------------------------------------------
-0.0611

==========================================================================
global route slack div critical path delay
--------------------------------------------------------------------------
-14.239105

==========================================================================
global route report_power
--------------------------------------------------------------------------
Group                  Internal  Switching    Leakage      Total
                          Power      Power      Power      Power (Watts)
----------------------------------------------------------------
Sequential             5.05e-04   1.32e-04   2.80e-06   6.40e-04  15.7%
Combinational          1.54e-03   1.56e-03   1.95e-05   3.13e-03  76.9%
Clock                  1.35e-04   1.65e-04   2.04e-07   3.00e-04   7.4%
Macro                  0.00e+00   0.00e+00   0.00e+00   0.00e+00   0.0%
Pad                    0.00e+00   0.00e+00   0.00e+00   0.00e+00   0.0%
----------------------------------------------------------------
Total                  2.18e-03   1.86e-03   2.25e-05   4.07e-03 100.0%
                          53.7%      45.7%       0.6%
