
==========================================================================
detailed place report_tns
--------------------------------------------------------------------------
tns max 0.00

==========================================================================
detailed place report_wns
--------------------------------------------------------------------------
wns max 0.00

==========================================================================
detailed place report_worst_slack
--------------------------------------------------------------------------
worst slack max 6.35

==========================================================================
detailed place report_clock_min_period
--------------------------------------------------------------------------
clk period_min = 4.65 fmax = 215.20

==========================================================================
detailed place report_checks -path_delay min
--------------------------------------------------------------------------
Startpoint: core.CPU_is_s_instr_a3$_DFF_P_
            (rising edge-triggered flip-flop clocked by clk)
Endpoint: core.CPU_is_s_instr_a4$_DFF_P_
          (rising edge-triggered flip-flop clocked by clk)
Path Group: clk
Path Type: min

Fanout     Cap    Slew   Delay    Time   Description
-----------------------------------------------------------------------------
                  0.00    0.00    0.00   clock clk (rise edge)
                          0.00    0.00   clock network delay (ideal)
                  0.00    0.00    0.00 ^ core.CPU_is_s_instr_a3$_DFF_P_/CLK (sky130_fd_sc_hd__dfxtp_1)
     1    0.00    0.03    0.28    0.28 ^ core.CPU_is_s_instr_a3$_DFF_P_/Q (sky130_fd_sc_hd__dfxtp_1)
                                         core.CPU_is_s_instr_a3 (net)
                  0.03    0.00    0.28 ^ core.CPU_is_s_instr_a4$_DFF_P_/D (sky130_fd_sc_hd__dfxtp_1)
                                  0.28   data arrival time

                  0.00    0.00    0.00   clock clk (rise edge)
                          0.00    0.00   clock network delay (ideal)
                          0.00    0.00   clock reconvergence pessimism
                                  0.00 ^ core.CPU_is_s_instr_a4$_DFF_P_/CLK (sky130_fd_sc_hd__dfxtp_1)
                         -0.03   -0.03   library hold time
                                 -0.03   data required time
-----------------------------------------------------------------------------
                                 -0.03   data required time
                                 -0.28   data arrival time
-----------------------------------------------------------------------------
                                  0.31   slack (MET)



==========================================================================
detailed place report_checks -path_delay max
--------------------------------------------------------------------------
Startpoint: core.CPU_imm_a3[30]$_DFF_P_
            (rising edge-triggered flip-flop clocked by clk)
Endpoint: core.CPU_Xreg_value_a4[17][30]$_SDFFE_PP0P_
          (rising edge-triggered flip-flop clocked by clk)
Path Group: clk
Path Type: max

Fanout     Cap    Slew   Delay    Time   Description
-----------------------------------------------------------------------------
                  0.00    0.00    0.00   clock clk (rise edge)
                          0.00    0.00   clock network delay (ideal)
                  0.00    0.00    0.00 ^ core.CPU_imm_a3[30]$_DFF_P_/CLK (sky130_fd_sc_hd__dfxtp_1)
     8    0.03    0.33    0.49    0.49 ^ core.CPU_imm_a3[30]$_DFF_P_/Q (sky130_fd_sc_hd__dfxtp_1)
                                         core.CPU_imm_a3[12] (net)
                  0.33    0.00    0.49 ^ place530/A (sky130_fd_sc_hd__buf_4)
    17    0.09    0.26    0.34    0.83 ^ place530/X (sky130_fd_sc_hd__buf_4)
                                         net529 (net)
                  0.26    0.01    0.84 ^ _10815_/A (sky130_fd_sc_hd__ha_1)
     5    0.02    0.17    0.28    1.12 ^ _10815_/SUM (sky130_fd_sc_hd__ha_1)
                                         _00067_ (net)
                  0.17    0.00    1.12 ^ _07541_/A (sky130_fd_sc_hd__nand2_1)
     2    0.01    0.08    0.10    1.22 v _07541_/Y (sky130_fd_sc_hd__nand2_1)
                                         _02633_ (net)
                  0.08    0.00    1.22 v _07732_/C1 (sky130_fd_sc_hd__a221oi_1)
     2    0.02    0.71    0.58    1.81 ^ _07732_/Y (sky130_fd_sc_hd__a221oi_1)
                                         _02820_ (net)
                  0.71    0.00    1.81 ^ _08125_/A1 (sky130_fd_sc_hd__a211oi_1)
     2    0.01    0.18    0.21    2.02 v _08125_/Y (sky130_fd_sc_hd__a211oi_1)
                                         _03204_ (net)
                  0.18    0.00    2.02 v _08290_/A2 (sky130_fd_sc_hd__a211oi_1)
     4    0.03    0.95    0.85    2.87 ^ _08290_/Y (sky130_fd_sc_hd__a211oi_1)
                                         _03365_ (net)
                  0.95    0.00    2.88 ^ _08496_/A2 (sky130_fd_sc_hd__a31oi_1)
     1    0.01    0.19    0.24    3.11 v _08496_/Y (sky130_fd_sc_hd__a31oi_1)
                                         _03566_ (net)
                  0.19    0.00    3.11 v _08497_/B (sky130_fd_sc_hd__xnor2_1)
     3    0.02    0.41    0.41    3.52 ^ _08497_/Y (sky130_fd_sc_hd__xnor2_1)
                                         _03567_ (net)
                  0.41    0.00    3.52 ^ _08505_/A1 (sky130_fd_sc_hd__a22oi_1)
     1    0.00    0.12    0.17    3.69 v _08505_/Y (sky130_fd_sc_hd__a22oi_1)
                                         _03575_ (net)
                  0.12    0.00    3.69 v _08506_/C1 (sky130_fd_sc_hd__a211oi_1)
     2    0.01    0.30    0.28    3.98 ^ _08506_/Y (sky130_fd_sc_hd__a211oi_1)
                                         _03576_ (net)
                  0.30    0.00    3.98 ^ _08510_/A2 (sky130_fd_sc_hd__a21oi_1)
     1    0.01    0.16    0.16    4.14 v _08510_/Y (sky130_fd_sc_hd__a21oi_1)
                                         _03580_ (net)
                  0.16    0.00    4.14 v place310/A (sky130_fd_sc_hd__buf_4)
    11    0.04    0.07    0.23    4.37 v place310/X (sky130_fd_sc_hd__buf_4)
                                         net309 (net)
                  0.07    0.00    4.37 v _08965_/A1 (sky130_fd_sc_hd__a211oi_1)
     1    0.00    0.17    0.19    4.56 ^ _08965_/Y (sky130_fd_sc_hd__a211oi_1)
                                         _00871_ (net)
                  0.17    0.00    4.56 ^ core.CPU_Xreg_value_a4[17][30]$_SDFFE_PP0P_/D (sky130_fd_sc_hd__dfxtp_1)
                                  4.56   data arrival time

                  0.00   11.00   11.00   clock clk (rise edge)
                          0.00   11.00   clock network delay (ideal)
                          0.00   11.00   clock reconvergence pessimism
                                 11.00 ^ core.CPU_Xreg_value_a4[17][30]$_SDFFE_PP0P_/CLK (sky130_fd_sc_hd__dfxtp_1)
                         -0.09   10.91   library setup time
                                 10.91   data required time
-----------------------------------------------------------------------------
                                 10.91   data required time
                                 -4.56   data arrival time
-----------------------------------------------------------------------------
                                  6.35   slack (MET)



==========================================================================
detailed place report_checks -unconstrained
--------------------------------------------------------------------------
Startpoint: core.CPU_imm_a3[30]$_DFF_P_
            (rising edge-triggered flip-flop clocked by clk)
Endpoint: core.CPU_Xreg_value_a4[17][30]$_SDFFE_PP0P_
          (rising edge-triggered flip-flop clocked by clk)
Path Group: clk
Path Type: max

Fanout     Cap    Slew   Delay    Time   Description
-----------------------------------------------------------------------------
                  0.00    0.00    0.00   clock clk (rise edge)
                          0.00    0.00   clock network delay (ideal)
                  0.00    0.00    0.00 ^ core.CPU_imm_a3[30]$_DFF_P_/CLK (sky130_fd_sc_hd__dfxtp_1)
     8    0.03    0.33    0.49    0.49 ^ core.CPU_imm_a3[30]$_DFF_P_/Q (sky130_fd_sc_hd__dfxtp_1)
                                         core.CPU_imm_a3[12] (net)
                  0.33    0.00    0.49 ^ place530/A (sky130_fd_sc_hd__buf_4)
    17    0.09    0.26    0.34    0.83 ^ place530/X (sky130_fd_sc_hd__buf_4)
                                         net529 (net)
                  0.26    0.01    0.84 ^ _10815_/A (sky130_fd_sc_hd__ha_1)
     5    0.02    0.17    0.28    1.12 ^ _10815_/SUM (sky130_fd_sc_hd__ha_1)
                                         _00067_ (net)
                  0.17    0.00    1.12 ^ _07541_/A (sky130_fd_sc_hd__nand2_1)
     2    0.01    0.08    0.10    1.22 v _07541_/Y (sky130_fd_sc_hd__nand2_1)
                                         _02633_ (net)
                  0.08    0.00    1.22 v _07732_/C1 (sky130_fd_sc_hd__a221oi_1)
     2    0.02    0.71    0.58    1.81 ^ _07732_/Y (sky130_fd_sc_hd__a221oi_1)
                                         _02820_ (net)
                  0.71    0.00    1.81 ^ _08125_/A1 (sky130_fd_sc_hd__a211oi_1)
     2    0.01    0.18    0.21    2.02 v _08125_/Y (sky130_fd_sc_hd__a211oi_1)
                                         _03204_ (net)
                  0.18    0.00    2.02 v _08290_/A2 (sky130_fd_sc_hd__a211oi_1)
     4    0.03    0.95    0.85    2.87 ^ _08290_/Y (sky130_fd_sc_hd__a211oi_1)
                                         _03365_ (net)
                  0.95    0.00    2.88 ^ _08496_/A2 (sky130_fd_sc_hd__a31oi_1)
     1    0.01    0.19    0.24    3.11 v _08496_/Y (sky130_fd_sc_hd__a31oi_1)
                                         _03566_ (net)
                  0.19    0.00    3.11 v _08497_/B (sky130_fd_sc_hd__xnor2_1)
     3    0.02    0.41    0.41    3.52 ^ _08497_/Y (sky130_fd_sc_hd__xnor2_1)
                                         _03567_ (net)
                  0.41    0.00    3.52 ^ _08505_/A1 (sky130_fd_sc_hd__a22oi_1)
     1    0.00    0.12    0.17    3.69 v _08505_/Y (sky130_fd_sc_hd__a22oi_1)
                                         _03575_ (net)
                  0.12    0.00    3.69 v _08506_/C1 (sky130_fd_sc_hd__a211oi_1)
     2    0.01    0.30    0.28    3.98 ^ _08506_/Y (sky130_fd_sc_hd__a211oi_1)
                                         _03576_ (net)
                  0.30    0.00    3.98 ^ _08510_/A2 (sky130_fd_sc_hd__a21oi_1)
     1    0.01    0.16    0.16    4.14 v _08510_/Y (sky130_fd_sc_hd__a21oi_1)
                                         _03580_ (net)
                  0.16    0.00    4.14 v place310/A (sky130_fd_sc_hd__buf_4)
    11    0.04    0.07    0.23    4.37 v place310/X (sky130_fd_sc_hd__buf_4)
                                         net309 (net)
                  0.07    0.00    4.37 v _08965_/A1 (sky130_fd_sc_hd__a211oi_1)
     1    0.00    0.17    0.19    4.56 ^ _08965_/Y (sky130_fd_sc_hd__a211oi_1)
                                         _00871_ (net)
                  0.17    0.00    4.56 ^ core.CPU_Xreg_value_a4[17][30]$_SDFFE_PP0P_/D (sky130_fd_sc_hd__dfxtp_1)
                                  4.56   data arrival time

                  0.00   11.00   11.00   clock clk (rise edge)
                          0.00   11.00   clock network delay (ideal)
                          0.00   11.00   clock reconvergence pessimism
                                 11.00 ^ core.CPU_Xreg_value_a4[17][30]$_SDFFE_PP0P_/CLK (sky130_fd_sc_hd__dfxtp_1)
                         -0.09   10.91   library setup time
                                 10.91   data required time
-----------------------------------------------------------------------------
                                 10.91   data required time
                                 -4.56   data arrival time
-----------------------------------------------------------------------------
                                  6.35   slack (MET)



==========================================================================
detailed place report_check_types -max_slew -max_cap -max_fanout -violators
--------------------------------------------------------------------------

==========================================================================
detailed place max_slew_check_slack
--------------------------------------------------------------------------
0.372560977935791

==========================================================================
detailed place max_slew_check_limit
--------------------------------------------------------------------------
1.4979510307312012

==========================================================================
detailed place max_slew_check_slack_limit
--------------------------------------------------------------------------
0.2487

==========================================================================
detailed place max_fanout_check_slack
--------------------------------------------------------------------------
1.0000000150474662e+30

==========================================================================
detailed place max_fanout_check_limit
--------------------------------------------------------------------------
1.0000000150474662e+30

==========================================================================
detailed place max_capacitance_check_slack
--------------------------------------------------------------------------
0.013315687887370586

==========================================================================
detailed place max_capacitance_check_limit
--------------------------------------------------------------------------
0.03663099929690361

==========================================================================
detailed place max_capacitance_check_slack_limit
--------------------------------------------------------------------------
0.3635

==========================================================================
detailed place max_slew_violation_count
--------------------------------------------------------------------------
max slew violation count 0

==========================================================================
detailed place max_fanout_violation_count
--------------------------------------------------------------------------
max fanout violation count 0

==========================================================================
detailed place max_cap_violation_count
--------------------------------------------------------------------------
max cap violation count 0

==========================================================================
detailed place setup_violation_count
--------------------------------------------------------------------------
setup violation count 0

==========================================================================
detailed place hold_violation_count
--------------------------------------------------------------------------
hold violation count 0

==========================================================================
detailed place report_checks -path_delay max reg to reg
--------------------------------------------------------------------------
Startpoint: core.CPU_imm_a3[30]$_DFF_P_
            (rising edge-triggered flip-flop clocked by clk)
Endpoint: core.CPU_Xreg_value_a4[17][30]$_SDFFE_PP0P_
          (rising edge-triggered flip-flop clocked by clk)
Path Group: clk
Path Type: max

  Delay    Time   Description
---------------------------------------------------------
   0.00    0.00   clock clk (rise edge)
   0.00    0.00   clock network delay (ideal)
   0.00    0.00 ^ core.CPU_imm_a3[30]$_DFF_P_/CLK (sky130_fd_sc_hd__dfxtp_1)
   0.49    0.49 ^ core.CPU_imm_a3[30]$_DFF_P_/Q (sky130_fd_sc_hd__dfxtp_1)
   0.34    0.83 ^ place530/X (sky130_fd_sc_hd__buf_4)
   0.29    1.12 ^ _10815_/SUM (sky130_fd_sc_hd__ha_1)
   0.10    1.22 v _07541_/Y (sky130_fd_sc_hd__nand2_1)
   0.58    1.81 ^ _07732_/Y (sky130_fd_sc_hd__a221oi_1)
   0.21    2.02 v _08125_/Y (sky130_fd_sc_hd__a211oi_1)
   0.85    2.87 ^ _08290_/Y (sky130_fd_sc_hd__a211oi_1)
   0.24    3.11 v _08496_/Y (sky130_fd_sc_hd__a31oi_1)
   0.41    3.52 ^ _08497_/Y (sky130_fd_sc_hd__xnor2_1)
   0.17    3.69 v _08505_/Y (sky130_fd_sc_hd__a22oi_1)
   0.28    3.98 ^ _08506_/Y (sky130_fd_sc_hd__a211oi_1)
   0.16    4.14 v _08510_/Y (sky130_fd_sc_hd__a21oi_1)
   0.23    4.37 v place310/X (sky130_fd_sc_hd__buf_4)
   0.19    4.56 ^ _08965_/Y (sky130_fd_sc_hd__a211oi_1)
   0.00    4.56 ^ core.CPU_Xreg_value_a4[17][30]$_SDFFE_PP0P_/D (sky130_fd_sc_hd__dfxtp_1)
           4.56   data arrival time

  11.00   11.00   clock clk (rise edge)
   0.00   11.00   clock network delay (ideal)
   0.00   11.00   clock reconvergence pessimism
          11.00 ^ core.CPU_Xreg_value_a4[17][30]$_SDFFE_PP0P_/CLK (sky130_fd_sc_hd__dfxtp_1)
  -0.09   10.91   library setup time
          10.91   data required time
---------------------------------------------------------
          10.91   data required time
          -4.56   data arrival time
---------------------------------------------------------
           6.35   slack (MET)



==========================================================================
detailed place report_checks -path_delay min reg to reg
--------------------------------------------------------------------------
Startpoint: core.CPU_is_s_instr_a3$_DFF_P_
            (rising edge-triggered flip-flop clocked by clk)
Endpoint: core.CPU_is_s_instr_a4$_DFF_P_
          (rising edge-triggered flip-flop clocked by clk)
Path Group: clk
Path Type: min

  Delay    Time   Description
---------------------------------------------------------
   0.00    0.00   clock clk (rise edge)
   0.00    0.00   clock network delay (ideal)
   0.00    0.00 ^ core.CPU_is_s_instr_a3$_DFF_P_/CLK (sky130_fd_sc_hd__dfxtp_1)
   0.28    0.28 ^ core.CPU_is_s_instr_a3$_DFF_P_/Q (sky130_fd_sc_hd__dfxtp_1)
   0.00    0.28 ^ core.CPU_is_s_instr_a4$_DFF_P_/D (sky130_fd_sc_hd__dfxtp_1)
           0.28   data arrival time

   0.00    0.00   clock clk (rise edge)
   0.00    0.00   clock network delay (ideal)
   0.00    0.00   clock reconvergence pessimism
           0.00 ^ core.CPU_is_s_instr_a4$_DFF_P_/CLK (sky130_fd_sc_hd__dfxtp_1)
  -0.03   -0.03   library hold time
          -0.03   data required time
---------------------------------------------------------
          -0.03   data required time
          -0.28   data arrival time
---------------------------------------------------------
           0.31   slack (MET)



==========================================================================
detailed place critical path target clock latency max path
--------------------------------------------------------------------------
0

==========================================================================
detailed place critical path target clock latency min path
--------------------------------------------------------------------------
0

==========================================================================
detailed place critical path source clock latency min path
--------------------------------------------------------------------------
0

==========================================================================
detailed place critical path delay
--------------------------------------------------------------------------
4.5566

==========================================================================
detailed place critical path slack
--------------------------------------------------------------------------
6.3532

==========================================================================
detailed place slack div critical path delay
--------------------------------------------------------------------------
139.428521

==========================================================================
detailed place report_power
--------------------------------------------------------------------------
Group                  Internal  Switching    Leakage      Total
                          Power      Power      Power      Power (Watts)
----------------------------------------------------------------
Sequential             4.46e-03   4.09e-04   9.27e-09   4.87e-03  63.0%
Combinational          8.60e-04   1.99e-03   9.80e-09   2.85e-03  37.0%
Clock                  0.00e+00   0.00e+00   0.00e+00   0.00e+00   0.0%
Macro                  0.00e+00   0.00e+00   0.00e+00   0.00e+00   0.0%
Pad                    0.00e+00   0.00e+00   0.00e+00   0.00e+00   0.0%
----------------------------------------------------------------
Total                  5.32e-03   2.40e-03   1.91e-08   7.72e-03 100.0%
                          68.9%      31.1%       0.0%
