
==========================================================================
resizer report_tns
--------------------------------------------------------------------------
tns max 0.00

==========================================================================
resizer report_wns
--------------------------------------------------------------------------
wns max 0.00

==========================================================================
resizer report_worst_slack
--------------------------------------------------------------------------
worst slack max 6.17

==========================================================================
resizer report_clock_min_period
--------------------------------------------------------------------------
clk period_min = 4.83 fmax = 206.94

==========================================================================
resizer report_checks -path_delay min
--------------------------------------------------------------------------
Startpoint: core.CPU_rd_a4[1]$_DFF_P_
            (rising edge-triggered flip-flop clocked by clk)
Endpoint: core.CPU_rd_a5[1]$_DFF_P_
          (rising edge-triggered flip-flop clocked by clk)
Path Group: clk
Path Type: min

Fanout     Cap    Slew   Delay    Time   Description
-----------------------------------------------------------------------------
                  0.00    0.00    0.00   clock clk (rise edge)
                          0.00    0.00   clock network delay (ideal)
                  0.00    0.00    0.00 ^ core.CPU_rd_a4[1]$_DFF_P_/CLK (sky130_fd_sc_hd__dfxtp_1)
     1    0.00    0.03    0.28    0.28 ^ core.CPU_rd_a4[1]$_DFF_P_/Q (sky130_fd_sc_hd__dfxtp_1)
                                         core.CPU_rd_a4[1] (net)
                  0.03    0.00    0.28 ^ core.CPU_rd_a5[1]$_DFF_P_/D (sky130_fd_sc_hd__dfxtp_1)
                                  0.28   data arrival time

                  0.00    0.00    0.00   clock clk (rise edge)
                          0.00    0.00   clock network delay (ideal)
                          0.00    0.00   clock reconvergence pessimism
                                  0.00 ^ core.CPU_rd_a5[1]$_DFF_P_/CLK (sky130_fd_sc_hd__dfxtp_1)
                         -0.03   -0.03   library hold time
                                 -0.03   data required time
-----------------------------------------------------------------------------
                                 -0.03   data required time
                                 -0.28   data arrival time
-----------------------------------------------------------------------------
                                  0.31   slack (MET)



==========================================================================
resizer report_checks -path_delay max
--------------------------------------------------------------------------
Startpoint: core.CPU_imm_a3[30]$_DFF_P_
            (rising edge-triggered flip-flop clocked by clk)
Endpoint: core.CPU_Xreg_value_a4[17][30]$_SDFFE_PP0P_
          (rising edge-triggered flip-flop clocked by clk)
Path Group: clk
Path Type: max

Fanout     Cap    Slew   Delay    Time   Description
-----------------------------------------------------------------------------
                  0.00    0.00    0.00   clock clk (rise edge)
                          0.00    0.00   clock network delay (ideal)
                  0.00    0.00    0.00 ^ core.CPU_imm_a3[30]$_DFF_P_/CLK (sky130_fd_sc_hd__dfxtp_1)
     8    0.03    0.32    0.48    0.48 ^ core.CPU_imm_a3[30]$_DFF_P_/Q (sky130_fd_sc_hd__dfxtp_1)
                                         core.CPU_imm_a3[12] (net)
                  0.32    0.00    0.48 ^ place530/A (sky130_fd_sc_hd__buf_4)
    17    0.10    0.26    0.34    0.83 ^ place530/X (sky130_fd_sc_hd__buf_4)
                                         net529 (net)
                  0.27    0.01    0.84 ^ _10815_/A (sky130_fd_sc_hd__ha_1)
     5    0.02    0.20    0.30    1.14 ^ _10815_/SUM (sky130_fd_sc_hd__ha_1)
                                         _00067_ (net)
                  0.20    0.00    1.14 ^ _07541_/A (sky130_fd_sc_hd__nand2_1)
     2    0.01    0.10    0.13    1.27 v _07541_/Y (sky130_fd_sc_hd__nand2_1)
                                         _02633_ (net)
                  0.10    0.00    1.27 v _07732_/C1 (sky130_fd_sc_hd__a221oi_1)
     2    0.02    0.65    0.55    1.83 ^ _07732_/Y (sky130_fd_sc_hd__a221oi_1)
                                         _02820_ (net)
                  0.65    0.00    1.83 ^ _08125_/A1 (sky130_fd_sc_hd__a211oi_1)
     2    0.01    0.18    0.21    2.04 v _08125_/Y (sky130_fd_sc_hd__a211oi_1)
                                         _03204_ (net)
                  0.18    0.00    2.04 v _08290_/A2 (sky130_fd_sc_hd__a211oi_1)
     4    0.03    1.01    0.89    2.93 ^ _08290_/Y (sky130_fd_sc_hd__a211oi_1)
                                         _03365_ (net)
                  1.01    0.00    2.93 ^ _08496_/A2 (sky130_fd_sc_hd__a31oi_1)
     1    0.01    0.19    0.22    3.15 v _08496_/Y (sky130_fd_sc_hd__a31oi_1)
                                         _03566_ (net)
                  0.19    0.00    3.15 v _08497_/B (sky130_fd_sc_hd__xnor2_1)
     3    0.02    0.39    0.39    3.54 ^ _08497_/Y (sky130_fd_sc_hd__xnor2_1)
                                         _03567_ (net)
                  0.39    0.00    3.54 ^ _08505_/A1 (sky130_fd_sc_hd__a22oi_1)
     1    0.01    0.13    0.18    3.72 v _08505_/Y (sky130_fd_sc_hd__a22oi_1)
                                         _03575_ (net)
                  0.13    0.00    3.73 v _08506_/C1 (sky130_fd_sc_hd__a211oi_1)
     2    0.01    0.41    0.37    4.10 ^ _08506_/Y (sky130_fd_sc_hd__a211oi_1)
                                         _03576_ (net)
                  0.41    0.00    4.10 ^ _08510_/A2 (sky130_fd_sc_hd__a21oi_1)
     1    0.01    0.17    0.20    4.29 v _08510_/Y (sky130_fd_sc_hd__a21oi_1)
                                         _03580_ (net)
                  0.17    0.00    4.29 v place310/A (sky130_fd_sc_hd__buf_4)
    11    0.04    0.07    0.23    4.53 v place310/X (sky130_fd_sc_hd__buf_4)
                                         net309 (net)
                  0.07    0.00    4.53 v _08965_/A1 (sky130_fd_sc_hd__a211oi_1)
     1    0.00    0.20    0.21    4.74 ^ _08965_/Y (sky130_fd_sc_hd__a211oi_1)
                                         _00871_ (net)
                  0.20    0.00    4.74 ^ core.CPU_Xreg_value_a4[17][30]$_SDFFE_PP0P_/D (sky130_fd_sc_hd__dfxtp_1)
                                  4.74   data arrival time

                  0.00   11.00   11.00   clock clk (rise edge)
                          0.00   11.00   clock network delay (ideal)
                          0.00   11.00   clock reconvergence pessimism
                                 11.00 ^ core.CPU_Xreg_value_a4[17][30]$_SDFFE_PP0P_/CLK (sky130_fd_sc_hd__dfxtp_1)
                         -0.10   10.90   library setup time
                                 10.90   data required time
-----------------------------------------------------------------------------
                                 10.90   data required time
                                 -4.74   data arrival time
-----------------------------------------------------------------------------
                                  6.17   slack (MET)



==========================================================================
resizer report_checks -unconstrained
--------------------------------------------------------------------------
Startpoint: core.CPU_imm_a3[30]$_DFF_P_
            (rising edge-triggered flip-flop clocked by clk)
Endpoint: core.CPU_Xreg_value_a4[17][30]$_SDFFE_PP0P_
          (rising edge-triggered flip-flop clocked by clk)
Path Group: clk
Path Type: max

Fanout     Cap    Slew   Delay    Time   Description
-----------------------------------------------------------------------------
                  0.00    0.00    0.00   clock clk (rise edge)
                          0.00    0.00   clock network delay (ideal)
                  0.00    0.00    0.00 ^ core.CPU_imm_a3[30]$_DFF_P_/CLK (sky130_fd_sc_hd__dfxtp_1)
     8    0.03    0.32    0.48    0.48 ^ core.CPU_imm_a3[30]$_DFF_P_/Q (sky130_fd_sc_hd__dfxtp_1)
                                         core.CPU_imm_a3[12] (net)
                  0.32    0.00    0.48 ^ place530/A (sky130_fd_sc_hd__buf_4)
    17    0.10    0.26    0.34    0.83 ^ place530/X (sky130_fd_sc_hd__buf_4)
                                         net529 (net)
                  0.27    0.01    0.84 ^ _10815_/A (sky130_fd_sc_hd__ha_1)
     5    0.02    0.20    0.30    1.14 ^ _10815_/SUM (sky130_fd_sc_hd__ha_1)
                                         _00067_ (net)
                  0.20    0.00    1.14 ^ _07541_/A (sky130_fd_sc_hd__nand2_1)
     2    0.01    0.10    0.13    1.27 v _07541_/Y (sky130_fd_sc_hd__nand2_1)
                                         _02633_ (net)
                  0.10    0.00    1.27 v _07732_/C1 (sky130_fd_sc_hd__a221oi_1)
     2    0.02    0.65    0.55    1.83 ^ _07732_/Y (sky130_fd_sc_hd__a221oi_1)
                                         _02820_ (net)
                  0.65    0.00    1.83 ^ _08125_/A1 (sky130_fd_sc_hd__a211oi_1)
     2    0.01    0.18    0.21    2.04 v _08125_/Y (sky130_fd_sc_hd__a211oi_1)
                                         _03204_ (net)
                  0.18    0.00    2.04 v _08290_/A2 (sky130_fd_sc_hd__a211oi_1)
     4    0.03    1.01    0.89    2.93 ^ _08290_/Y (sky130_fd_sc_hd__a211oi_1)
                                         _03365_ (net)
                  1.01    0.00    2.93 ^ _08496_/A2 (sky130_fd_sc_hd__a31oi_1)
     1    0.01    0.19    0.22    3.15 v _08496_/Y (sky130_fd_sc_hd__a31oi_1)
                                         _03566_ (net)
                  0.19    0.00    3.15 v _08497_/B (sky130_fd_sc_hd__xnor2_1)
     3    0.02    0.39    0.39    3.54 ^ _08497_/Y (sky130_fd_sc_hd__xnor2_1)
                                         _03567_ (net)
                  0.39    0.00    3.54 ^ _08505_/A1 (sky130_fd_sc_hd__a22oi_1)
     1    0.01    0.13    0.18    3.72 v _08505_/Y (sky130_fd_sc_hd__a22oi_1)
                                         _03575_ (net)
                  0.13    0.00    3.73 v _08506_/C1 (sky130_fd_sc_hd__a211oi_1)
     2    0.01    0.41    0.37    4.10 ^ _08506_/Y (sky130_fd_sc_hd__a211oi_1)
                                         _03576_ (net)
                  0.41    0.00    4.10 ^ _08510_/A2 (sky130_fd_sc_hd__a21oi_1)
     1    0.01    0.17    0.20    4.29 v _08510_/Y (sky130_fd_sc_hd__a21oi_1)
                                         _03580_ (net)
                  0.17    0.00    4.29 v place310/A (sky130_fd_sc_hd__buf_4)
    11    0.04    0.07    0.23    4.53 v place310/X (sky130_fd_sc_hd__buf_4)
                                         net309 (net)
                  0.07    0.00    4.53 v _08965_/A1 (sky130_fd_sc_hd__a211oi_1)
     1    0.00    0.20    0.21    4.74 ^ _08965_/Y (sky130_fd_sc_hd__a211oi_1)
                                         _00871_ (net)
                  0.20    0.00    4.74 ^ core.CPU_Xreg_value_a4[17][30]$_SDFFE_PP0P_/D (sky130_fd_sc_hd__dfxtp_1)
                                  4.74   data arrival time

                  0.00   11.00   11.00   clock clk (rise edge)
                          0.00   11.00   clock network delay (ideal)
                          0.00   11.00   clock reconvergence pessimism
                                 11.00 ^ core.CPU_Xreg_value_a4[17][30]$_SDFFE_PP0P_/CLK (sky130_fd_sc_hd__dfxtp_1)
                         -0.10   10.90   library setup time
                                 10.90   data required time
-----------------------------------------------------------------------------
                                 10.90   data required time
                                 -4.74   data arrival time
-----------------------------------------------------------------------------
                                  6.17   slack (MET)



==========================================================================
resizer report_check_types -max_slew -max_cap -max_fanout -violators
--------------------------------------------------------------------------

==========================================================================
resizer max_slew_check_slack
--------------------------------------------------------------------------
0.33646219968795776

==========================================================================
resizer max_slew_check_limit
--------------------------------------------------------------------------
1.4979510307312012

==========================================================================
resizer max_slew_check_slack_limit
--------------------------------------------------------------------------
0.2246

==========================================================================
resizer max_fanout_check_slack
--------------------------------------------------------------------------
1.0000000150474662e+30

==========================================================================
resizer max_fanout_check_limit
--------------------------------------------------------------------------
1.0000000150474662e+30

==========================================================================
resizer max_capacitance_check_slack
--------------------------------------------------------------------------
0.012456398457288742

==========================================================================
resizer max_capacitance_check_limit
--------------------------------------------------------------------------
0.03663099929690361

==========================================================================
resizer max_capacitance_check_slack_limit
--------------------------------------------------------------------------
0.3401

==========================================================================
resizer max_slew_violation_count
--------------------------------------------------------------------------
max slew violation count 0

==========================================================================
resizer max_fanout_violation_count
--------------------------------------------------------------------------
max fanout violation count 0

==========================================================================
resizer max_cap_violation_count
--------------------------------------------------------------------------
max cap violation count 0

==========================================================================
resizer setup_violation_count
--------------------------------------------------------------------------
setup violation count 0

==========================================================================
resizer hold_violation_count
--------------------------------------------------------------------------
hold violation count 0

==========================================================================
resizer report_checks -path_delay max reg to reg
--------------------------------------------------------------------------
Startpoint: core.CPU_imm_a3[30]$_DFF_P_
            (rising edge-triggered flip-flop clocked by clk)
Endpoint: core.CPU_Xreg_value_a4[17][30]$_SDFFE_PP0P_
          (rising edge-triggered flip-flop clocked by clk)
Path Group: clk
Path Type: max

  Delay    Time   Description
---------------------------------------------------------
   0.00    0.00   clock clk (rise edge)
   0.00    0.00   clock network delay (ideal)
   0.00    0.00 ^ core.CPU_imm_a3[30]$_DFF_P_/CLK (sky130_fd_sc_hd__dfxtp_1)
   0.48    0.48 ^ core.CPU_imm_a3[30]$_DFF_P_/Q (sky130_fd_sc_hd__dfxtp_1)
   0.35    0.83 ^ place530/X (sky130_fd_sc_hd__buf_4)
   0.31    1.14 ^ _10815_/SUM (sky130_fd_sc_hd__ha_1)
   0.13    1.27 v _07541_/Y (sky130_fd_sc_hd__nand2_1)
   0.56    1.83 ^ _07732_/Y (sky130_fd_sc_hd__a221oi_1)
   0.21    2.04 v _08125_/Y (sky130_fd_sc_hd__a211oi_1)
   0.89    2.93 ^ _08290_/Y (sky130_fd_sc_hd__a211oi_1)
   0.22    3.15 v _08496_/Y (sky130_fd_sc_hd__a31oi_1)
   0.39    3.54 ^ _08497_/Y (sky130_fd_sc_hd__xnor2_1)
   0.18    3.72 v _08505_/Y (sky130_fd_sc_hd__a22oi_1)
   0.37    4.10 ^ _08506_/Y (sky130_fd_sc_hd__a211oi_1)
   0.20    4.29 v _08510_/Y (sky130_fd_sc_hd__a21oi_1)
   0.23    4.53 v place310/X (sky130_fd_sc_hd__buf_4)
   0.21    4.74 ^ _08965_/Y (sky130_fd_sc_hd__a211oi_1)
   0.00    4.74 ^ core.CPU_Xreg_value_a4[17][30]$_SDFFE_PP0P_/D (sky130_fd_sc_hd__dfxtp_1)
           4.74   data arrival time

  11.00   11.00   clock clk (rise edge)
   0.00   11.00   clock network delay (ideal)
   0.00   11.00   clock reconvergence pessimism
          11.00 ^ core.CPU_Xreg_value_a4[17][30]$_SDFFE_PP0P_/CLK (sky130_fd_sc_hd__dfxtp_1)
  -0.10   10.90   library setup time
          10.90   data required time
---------------------------------------------------------
          10.90   data required time
          -4.74   data arrival time
---------------------------------------------------------
           6.17   slack (MET)



==========================================================================
resizer report_checks -path_delay min reg to reg
--------------------------------------------------------------------------
Startpoint: core.CPU_rd_a4[1]$_DFF_P_
            (rising edge-triggered flip-flop clocked by clk)
Endpoint: core.CPU_rd_a5[1]$_DFF_P_
          (rising edge-triggered flip-flop clocked by clk)
Path Group: clk
Path Type: min

  Delay    Time   Description
---------------------------------------------------------
   0.00    0.00   clock clk (rise edge)
   0.00    0.00   clock network delay (ideal)
   0.00    0.00 ^ core.CPU_rd_a4[1]$_DFF_P_/CLK (sky130_fd_sc_hd__dfxtp_1)
   0.28    0.28 ^ core.CPU_rd_a4[1]$_DFF_P_/Q (sky130_fd_sc_hd__dfxtp_1)
   0.00    0.28 ^ core.CPU_rd_a5[1]$_DFF_P_/D (sky130_fd_sc_hd__dfxtp_1)
           0.28   data arrival time

   0.00    0.00   clock clk (rise edge)
   0.00    0.00   clock network delay (ideal)
   0.00    0.00   clock reconvergence pessimism
           0.00 ^ core.CPU_rd_a5[1]$_DFF_P_/CLK (sky130_fd_sc_hd__dfxtp_1)
  -0.03   -0.03   library hold time
          -0.03   data required time
---------------------------------------------------------
          -0.03   data required time
          -0.28   data arrival time
---------------------------------------------------------
           0.31   slack (MET)



==========================================================================
resizer critical path target clock latency max path
--------------------------------------------------------------------------
0

==========================================================================
resizer critical path target clock latency min path
--------------------------------------------------------------------------
0

==========================================================================
resizer critical path source clock latency min path
--------------------------------------------------------------------------
0

==========================================================================
resizer critical path delay
--------------------------------------------------------------------------
4.7365

==========================================================================
resizer critical path slack
--------------------------------------------------------------------------
6.1677

==========================================================================
resizer slack div critical path delay
--------------------------------------------------------------------------
130.216405

==========================================================================
resizer report_power
--------------------------------------------------------------------------
Group                  Internal  Switching    Leakage      Total
                          Power      Power      Power      Power (Watts)
----------------------------------------------------------------
Sequential             4.46e-03   4.11e-04   9.27e-09   4.87e-03  62.5%
Combinational          8.62e-04   2.06e-03   9.80e-09   2.92e-03  37.5%
Clock                  0.00e+00   0.00e+00   0.00e+00   0.00e+00   0.0%
Macro                  0.00e+00   0.00e+00   0.00e+00   0.00e+00   0.0%
Pad                    0.00e+00   0.00e+00   0.00e+00   0.00e+00   0.0%
----------------------------------------------------------------
Total                  5.32e-03   2.47e-03   1.91e-08   7.79e-03 100.0%
                          68.3%      31.7%       0.0%
