Tue Nov 11 13:37:38 UTC 2025 - Executing "python3 /openLANE_flow/scripts/extract_metal_layers.py -t /home/vsduser/Desktop/work/tools/openlane_working_dir/pdks/sky130A/libs.ref/sky130_fd_sc_hd/techlef/sky130_fd_sc_hd.tlef -o /openLANE_flow/designs/picorv32a/runs/24-03_10-03/tmp/met_layers_list.txt"

Tue Nov 11 13:37:38 UTC 2025 - Executing "/openLANE_flow/scripts/mergeLef.py -i /home/vsduser/Desktop/work/tools/openlane_working_dir/pdks/sky130A/libs.ref/sky130_fd_sc_hd/techlef/sky130_fd_sc_hd.tlef {/home/vsduser/Desktop/work/tools/openlane_working_dir/pdks/sky130A/libs.ref/sky130_fd_sc_hd/lef/sky130_fd_sc_hd.lef /home/vsduser/Desktop/work/tools/openlane_working_dir/pdks/sky130A/libs.ref/sky130_fd_sc_hd/lef/sky130_ef_sc_hd__fill_12.lef /home/vsduser/Desktop/work/tools/openlane_working_dir/pdks/sky130A/libs.ref/sky130_fd_sc_hd/lef/sky130_ef_sc_hd__decap_12.lef /home/vsduser/Desktop/work/tools/openlane_working_dir/pdks/sky130A/libs.ref/sky130_fd_sc_hd/lef/sky130_ef_sc_hd__fakediode_2.lef} -o /openLANE_flow/designs/picorv32a/runs/24-03_10-03/tmp/merged_unpadded.lef |& tee >&@stdout"

Tue Nov 11 13:37:38 UTC 2025 - Executing "/openLANE_flow/scripts/mergeLef.py -i /openLANE_flow/designs/picorv32a/runs/24-03_10-03/tmp/merged_unpadded.lef /openLANE_flow/designs/picorv32a/src/SS_sky130_vsdinv.lef -o /openLANE_flow/designs/picorv32a/runs/24-03_10-03/tmp/merged_unpadded.lef |& tee >&@stdout"

Tue Nov 11 13:37:38 UTC 2025 - Executing "/openLANE_flow/scripts/libtrim.pl /openLANE_flow/designs/picorv32a/src/sky130_fd_sc_hd__typical.lib /openLANE_flow/designs/picorv32a/runs/24-03_10-03/tmp/trimmed.lib.exclude.list > /openLANE_flow/designs/picorv32a/runs/24-03_10-03/tmp/trimmed.lib"

Tue Nov 11 13:37:38 UTC 2025 - Executing "echo {openlane v0.21} > /openLANE_flow/designs/picorv32a/runs/24-03_10-03/OPENLANE_VERSION"

Tue Nov 11 13:37:56 UTC 2025 - Executing "/openLANE_flow/scripts/mergeLef.py -i /openLANE_flow/designs/picorv32a/runs/24-03_10-03/tmp/merged.lef /openLANE_flow/designs/picorv32a/src/SS_sky130_vsdinv.lef -o /openLANE_flow/designs/picorv32a/runs/24-03_10-03/tmp/merged.lef.new"

Tue Nov 11 13:37:56 UTC 2025 - Executing "/openLANE_flow/scripts/mergeLef.py -i /openLANE_flow/designs/picorv32a/runs/24-03_10-03/tmp/merged_unpadded.lef /openLANE_flow/designs/picorv32a/src/SS_sky130_vsdinv.lef -o /openLANE_flow/designs/picorv32a/runs/24-03_10-03/tmp/merged_unpadded.lef.new"

Tue Nov 11 13:37:56 UTC 2025 - Executing "mv /openLANE_flow/designs/picorv32a/runs/24-03_10-03/tmp/merged.lef.new /openLANE_flow/designs/picorv32a/runs/24-03_10-03/tmp/merged.lef"

Tue Nov 11 13:37:56 UTC 2025 - Executing "mv /openLANE_flow/designs/picorv32a/runs/24-03_10-03/tmp/merged_unpadded.lef.new /openLANE_flow/designs/picorv32a/runs/24-03_10-03/tmp/merged_unpadded.lef"

Tue Nov 11 13:43:59 UTC 2025 - Executing "sed -E {s/^([[:space:]]+)pg_pin(.*)/\1pin\2\n\1    direction : "inout";/g} /openLANE_flow/designs/picorv32a/src/sky130_fd_sc_hd__typical.lib > /openLANE_flow/designs/picorv32a/runs/24-03_10-03/tmp/sky130_fd_sc_hd__typical.no_pg.lib"

Tue Nov 11 13:43:59 UTC 2025 - Executing "yosys -c /openLANE_flow/scripts/synth.tcl -l /openLANE_flow/designs/picorv32a/runs/24-03_10-03/logs/synthesis/3-yosys.log |& tee >&@stdout"

Tue Nov 11 13:44:36 UTC 2025 - Executing "sed -i -e {s/\(set ::env(CURRENT_NETLIST)\).*/\1 \/openLANE_flow\/designs\/picorv32a\/runs\/24-03_10-03\/results\/synthesis\/picorv32a.synthesis.v/} /openLANE_flow/designs/picorv32a/runs/24-03_10-03/config.tcl"

Tue Nov 11 13:44:36 UTC 2025 - Executing "sed -i -e {s/\(set ::env(PREV_NETLIST)\).*/\1 \/openLANE_flow\/designs\/picorv32a\/runs\/11-11_13-20\/results\/synthesis\/picorv32a.synthesis.v/} /openLANE_flow/designs/picorv32a/runs/24-03_10-03/config.tcl"

Tue Nov 11 13:44:36 UTC 2025 - Executing "sed -i /defparam/d /openLANE_flow/designs/picorv32a/runs/24-03_10-03/results/synthesis/picorv32a.synthesis.v"

Tue Nov 11 13:44:36 UTC 2025 - Executing "sta /openLANE_flow/scripts/sta.tcl |& tee >&@stdout /openLANE_flow/designs/picorv32a/runs/24-03_10-03/logs/synthesis/4-opensta"

Tue Nov 11 13:51:45 UTC 2025 - Executing "openroad -exit /openLANE_flow/scripts/openroad/or_floorplan.tcl |& tee >&@stdout /openLANE_flow/designs/picorv32a/runs/24-03_10-03/logs/floorplan/5-verilog2def.openroad.log"

Tue Nov 11 13:51:46 UTC 2025 - Executing "openroad -exit /openLANE_flow/scripts/openroad/or_ioplacer.tcl |& tee >&@stdout /openLANE_flow/designs/picorv32a/runs/24-03_10-03/logs/floorplan/6-ioPlacer.log"

Tue Nov 11 13:51:47 UTC 2025 - Executing "openroad -exit /openLANE_flow/scripts/openroad/or_replace.tcl |& tee >&@stdout /openLANE_flow/designs/picorv32a/runs/24-03_10-03/logs/placement/7-replace.log"

Tue Nov 11 13:51:55 UTC 2025 - Executing "openroad -exit /openLANE_flow/scripts/openroad/or_basic_mp.tcl |& tee >&@stdout /openLANE_flow/designs/picorv32a/runs/24-03_10-03/logs/placement/8-basic_mp.log"

Tue Nov 11 13:51:57 UTC 2025 - Executing "python3 /openLANE_flow/report_generation_wrapper.py -d /openLANE_flow/designs/picorv32a -dn picorv32a -t 24-03_10-03 -o /openLANE_flow/designs/picorv32a/runs/24-03_10-03/reports/final_summary_report.csv -m /openLANE_flow/designs/picorv32a/runs/24-03_10-03/reports/manufacturability_report.rpt -rs /openLANE_flow/designs/picorv32a/runs/24-03_10-03/reports/runtime_summary_report.rpt -r /openLANE_flow/designs/picorv32a/runs/24-03_10-03"

Tue Nov 11 13:54:07 UTC 2025 - Executing "openroad -exit /openLANE_flow/scripts/openroad/or_floorplan.tcl |& tee >&@stdout /openLANE_flow/designs/picorv32a/runs/24-03_10-03/logs/floorplan/9-verilog2def.openroad.log"

Tue Nov 11 13:54:23 UTC 2025 - Executing "openroad -exit /openLANE_flow/scripts/openroad/or_ioplacer.tcl |& tee >&@stdout /openLANE_flow/designs/picorv32a/runs/24-03_10-03/logs/floorplan/10-ioPlacer.log"

Tue Nov 11 13:54:40 UTC 2025 - Executing "openroad -exit /openLANE_flow/scripts/openroad/or_tapcell.tcl |& tee >&@stdout /openLANE_flow/designs/picorv32a/runs/24-03_10-03/logs/floorplan/11-tapcell.log"

Tue Nov 11 13:55:29 UTC 2025 - Executing "openroad -exit /openLANE_flow/scripts/openroad/or_replace.tcl |& tee >&@stdout /openLANE_flow/designs/picorv32a/runs/24-03_10-03/logs/placement/12-replace.log"

Tue Nov 11 13:55:37 UTC 2025 - Executing "openroad -exit /openLANE_flow/scripts/openroad/or_resizer.tcl |& tee >&@stdout /openLANE_flow/designs/picorv32a/runs/24-03_10-03/logs/placement/12-resizer.log"

Tue Nov 11 13:55:44 UTC 2025 - Executing "openroad -exit /openLANE_flow/scripts/openroad/or_write_verilog.tcl |& tee >&@stdout /openLANE_flow/designs/picorv32a/runs/24-03_10-03/logs/13-write_verilog.log"

Tue Nov 11 13:55:45 UTC 2025 - Executing "sed -i -e {s/\(set ::env(CURRENT_NETLIST)\).*/\1 \/openLANE_flow\/designs\/picorv32a\/runs\/24-03_10-03\/results\/synthesis\/picorv32a.synthesis_optimized.v/} /openLANE_flow/designs/picorv32a/runs/24-03_10-03/config.tcl"

Tue Nov 11 13:55:45 UTC 2025 - Executing "sed -i -e {s/\(set ::env(PREV_NETLIST)\).*/\1 \/openLANE_flow\/designs\/picorv32a\/runs\/24-03_10-03\/results\/synthesis\/picorv32a.synthesis.v/} /openLANE_flow/designs/picorv32a/runs/24-03_10-03/config.tcl"

Tue Nov 11 13:55:45 UTC 2025 - Executing "sta /openLANE_flow/scripts/sta.tcl |& tee >&@stdout /openLANE_flow/designs/picorv32a/runs/24-03_10-03/logs/synthesis/14-opensta_post_resizer"

Tue Nov 11 13:55:46 UTC 2025 - Executing "openroad -exit /openLANE_flow/scripts/openroad/or_opendp.tcl |& tee >&@stdout /openLANE_flow/designs/picorv32a/runs/24-03_10-03/logs/placement/15-opendp.log"

Tue Nov 11 13:55:47 UTC 2025 - Executing "bash /openLANE_flow/scripts/klayout/scrotLayout.sh /home/vsduser/Desktop/work/tools/openlane_working_dir/pdks/sky130A/libs.tech/klayout/sky130A.lyt /openLANE_flow/designs/picorv32a/runs/24-03_10-03/results/placement/picorv32a.placement.def |& tee >&@stdout /openLANE_flow/designs/picorv32a/runs/24-03_10-03/logs/klayout/16-klayout.scrot.log"

