Startpoint: _31196_ (rising edge-triggered flip-flop clocked by clk)
Endpoint: _31196_ (rising edge-triggered flip-flop clocked by clk)
Path Group: clk
Path Type: min

Fanout     Cap    Slew   Delay    Time   Description
-----------------------------------------------------------------------------
                  0.00    0.00    0.00   clock clk (rise edge)
                          0.00    0.00   clock network delay (ideal)
                  0.00    0.00    0.00 ^ _31196_/CLK (sky130_fd_sc_hd__dfxtp_1)
                  0.03    0.17    0.17 ^ _31196_/Q (sky130_fd_sc_hd__dfxtp_1)
     1    0.00                           cpuregs[0][1] (net)
                  0.03    0.00    0.17 ^ _18490_/A (sky130_fd_sc_hd__clkbuf_1)
                  0.02    0.04    0.22 ^ _18490_/X (sky130_fd_sc_hd__clkbuf_1)
     1    0.00                           _02836_ (net)
                  0.02    0.00    0.22 ^ _31196_/D (sky130_fd_sc_hd__dfxtp_1)
                                  0.22   data arrival time

                  0.00    0.00    0.00   clock clk (rise edge)
                          0.00    0.00   clock network delay (ideal)
                          0.00    0.00   clock reconvergence pessimism
                                  0.00 ^ _31196_/CLK (sky130_fd_sc_hd__dfxtp_1)
                         -0.02   -0.02   library hold time
                                 -0.02   data required time
-----------------------------------------------------------------------------
                                 -0.02   data required time
                                 -0.22   data arrival time
-----------------------------------------------------------------------------
                                  0.23   slack (MET)


Startpoint: _32422_ (rising edge-triggered flip-flop clocked by clk)
Endpoint: _32349_ (rising edge-triggered flip-flop clocked by clk)
Path Group: clk
Path Type: max

Fanout     Cap    Slew   Delay    Time   Description
-----------------------------------------------------------------------------
                  0.00    0.00    0.00   clock clk (rise edge)
                          0.00    0.00   clock network delay (ideal)
                  0.00    0.00    0.00 ^ _32422_/CLK (sky130_fd_sc_hd__dfxtp_4)
                  0.50    0.99    0.99 ^ _32422_/Q (sky130_fd_sc_hd__dfxtp_4)
    33    0.11                           latched_stalu (net)
                  0.50    0.00    0.99 ^ _30323_/S (sky130_fd_sc_hd__mux2_1)
                  0.13    0.85    1.84 v _30323_/X (sky130_fd_sc_hd__mux2_1)
     2    0.00                           _00293_ (net)
                  0.13    0.00    1.84 v _30322_/A1 (sky130_fd_sc_hd__mux2_1)
                  0.10    0.65    2.49 v _30322_/X (sky130_fd_sc_hd__mux2_1)
     1    0.00                           _00294_ (net)
                  0.10    0.00    2.49 v _19592_/B (sky130_fd_sc_hd__and2_1)
                  0.06    0.31    2.80 v _19592_/X (sky130_fd_sc_hd__and2_1)
     1    0.00                           _00295_ (net)
                  0.06    0.00    2.80 v _29613_/A0 (sky130_fd_sc_hd__mux2_2)
                  0.13    0.58    3.39 v _29613_/X (sky130_fd_sc_hd__mux2_2)
     4    0.01                           _02560_ (net)
                  0.13    0.00    3.39 v _19974_/A (sky130_fd_sc_hd__xnor2_1)
                  0.14    0.28    3.66 v _19974_/Y (sky130_fd_sc_hd__xnor2_1)
     2    0.01                           _15017_ (net)
                  0.14    0.00    3.66 v _19979_/A_N (sky130_fd_sc_hd__nand3b_2)
                  0.14    0.46    4.12 v _19979_/Y (sky130_fd_sc_hd__nand3b_2)
     2    0.00                           _15019_ (net)
                  0.14    0.00    4.12 v _19986_/B2 (sky130_fd_sc_hd__a2bb2oi_1)
                  0.18    0.23    4.36 ^ _19986_/Y (sky130_fd_sc_hd__a2bb2oi_1)
     1    0.00                           _15024_ (net)
                  0.18    0.00    4.36 ^ _19987_/B1 (sky130_fd_sc_hd__a21o_1)
                  0.11    0.22    4.58 ^ _19987_/X (sky130_fd_sc_hd__a21o_1)
     2    0.01                           _15025_ (net)
                  0.11    0.00    4.58 ^ _19993_/B1 (sky130_fd_sc_hd__o21ai_1)
                  0.08    0.13    4.70 v _19993_/Y (sky130_fd_sc_hd__o21ai_1)
     1    0.00                           _15029_ (net)
                  0.08    0.00    4.70 v _19994_/B1 (sky130_fd_sc_hd__o21ai_1)
                  0.28    0.18    4.89 ^ _19994_/Y (sky130_fd_sc_hd__o21ai_1)
     2    0.01                           _15030_ (net)
                  0.28    0.00    4.89 ^ _20001_/B1 (sky130_fd_sc_hd__o21ai_1)
                  0.13    0.22    5.11 v _20001_/Y (sky130_fd_sc_hd__o21ai_1)
     1    0.00                           _15035_ (net)
                  0.13    0.00    5.11 v _20002_/B1 (sky130_fd_sc_hd__o21ai_2)
                  0.21    0.13    5.24 ^ _20002_/Y (sky130_fd_sc_hd__o21ai_2)
     2    0.01                           _15036_ (net)
                  0.21    0.00    5.24 ^ _20009_/A1 (sky130_fd_sc_hd__a21o_1)
                  0.11    0.30    5.54 ^ _20009_/X (sky130_fd_sc_hd__a21o_1)
     2    0.01                           _15041_ (net)
                  0.11    0.00    5.54 ^ _20016_/B1 (sky130_fd_sc_hd__o21ai_1)
                  0.08    0.13    5.66 v _20016_/Y (sky130_fd_sc_hd__o21ai_1)
     1    0.00                           _15046_ (net)
                  0.08    0.00    5.66 v _20017_/B1 (sky130_fd_sc_hd__o21ai_1)
                  0.29    0.19    5.85 ^ _20017_/Y (sky130_fd_sc_hd__o21ai_1)
     2    0.01                           _15047_ (net)
                  0.29    0.00    5.85 ^ _20023_/A1 (sky130_fd_sc_hd__a21o_1)
                  0.12    0.33    6.18 ^ _20023_/X (sky130_fd_sc_hd__a21o_1)
     2    0.01                           _15051_ (net)
                  0.12    0.00    6.18 ^ _20032_/A1 (sky130_fd_sc_hd__a21o_1)
                  0.12    0.26    6.44 ^ _20032_/X (sky130_fd_sc_hd__a21o_1)
     2    0.01                           _15058_ (net)
                  0.12    0.00    6.44 ^ _20038_/A1 (sky130_fd_sc_hd__a21o_1)
                  0.12    0.26    6.71 ^ _20038_/X (sky130_fd_sc_hd__a21o_1)
     2    0.01                           _15062_ (net)
                  0.12    0.00    6.71 ^ _20042_/A (sky130_fd_sc_hd__nand2_1)
                  0.09    0.13    6.83 v _20042_/Y (sky130_fd_sc_hd__nand2_1)
     2    0.00                           _15064_ (net)
                  0.09    0.00    6.83 v _20045_/A1 (sky130_fd_sc_hd__a21boi_1)
                  0.24    0.26    7.09 ^ _20045_/Y (sky130_fd_sc_hd__a21boi_1)
     2    0.01                           _15067_ (net)
                  0.24    0.00    7.09 ^ _20051_/B1 (sky130_fd_sc_hd__a21o_1)
                  0.12    0.25    7.34 ^ _20051_/X (sky130_fd_sc_hd__a21o_1)
     2    0.01                           _15071_ (net)
                  0.12    0.00    7.34 ^ _20057_/A1 (sky130_fd_sc_hd__a21o_1)
                  0.12    0.26    7.61 ^ _20057_/X (sky130_fd_sc_hd__a21o_1)
     2    0.01                           _15075_ (net)
                  0.12    0.00    7.61 ^ _20062_/A (sky130_fd_sc_hd__nand2_1)
                  0.07    0.10    7.71 v _20062_/Y (sky130_fd_sc_hd__nand2_1)
     1    0.00                           _15078_ (net)
                  0.07    0.00    7.71 v _20063_/B1 (sky130_fd_sc_hd__o21ai_1)
                  0.26    0.17    7.88 ^ _20063_/Y (sky130_fd_sc_hd__o21ai_1)
     2    0.01                           _15079_ (net)
                  0.26    0.00    7.88 ^ _20068_/A (sky130_fd_sc_hd__and2_1)
                  0.08    0.29    8.17 ^ _20068_/X (sky130_fd_sc_hd__and2_1)
     1    0.00                           _15082_ (net)
                  0.08    0.00    8.17 ^ _20069_/B1 (sky130_fd_sc_hd__a21o_1)
                  0.12    0.18    8.35 ^ _20069_/X (sky130_fd_sc_hd__a21o_1)
     2    0.01                           _15083_ (net)
                  0.12    0.00    8.35 ^ _20075_/A1 (sky130_fd_sc_hd__a21o_1)
                  0.12    0.26    8.61 ^ _20075_/X (sky130_fd_sc_hd__a21o_1)
     2    0.01                           _15087_ (net)
                  0.12    0.00    8.61 ^ _20083_/A1 (sky130_fd_sc_hd__a21o_1)
                  0.12    0.26    8.88 ^ _20083_/X (sky130_fd_sc_hd__a21o_1)
     2    0.01                           _15093_ (net)
                  0.12    0.00    8.88 ^ _20089_/A1 (sky130_fd_sc_hd__a21o_1)
                  0.15    0.28    9.16 ^ _20089_/X (sky130_fd_sc_hd__a21o_1)
     2    0.01                           _15097_ (net)
                  0.15    0.00    9.16 ^ _20095_/A1 (sky130_fd_sc_hd__a21oi_2)
                  0.10    0.14    9.31 v _20095_/Y (sky130_fd_sc_hd__a21oi_2)
     2    0.01                           _15101_ (net)
                  0.10    0.00    9.31 v _20100_/B1 (sky130_fd_sc_hd__a21o_1)
                  0.08    0.30    9.61 v _20100_/X (sky130_fd_sc_hd__a21o_1)
     1    0.00                           _15104_ (net)
                  0.08    0.00    9.61 v _20101_/B1 (sky130_fd_sc_hd__o21ai_2)
                  0.29    0.14    9.74 ^ _20101_/Y (sky130_fd_sc_hd__o21ai_2)
     4    0.01                           _15105_ (net)
                  0.29    0.00    9.74 ^ _20124_/A (sky130_fd_sc_hd__nand3_1)
                  0.12    0.19    9.93 v _20124_/Y (sky130_fd_sc_hd__nand3_1)
     1    0.00                           _15120_ (net)
                  0.12    0.00    9.93 v _20125_/A_N (sky130_fd_sc_hd__nand3b_2)
                  0.14    0.45   10.38 v _20125_/Y (sky130_fd_sc_hd__nand3b_2)
     1    0.00                           _15121_ (net)
                  0.14    0.00   10.38 v _20127_/A (sky130_fd_sc_hd__nand2_2)
                  0.16    0.19   10.56 ^ _20127_/Y (sky130_fd_sc_hd__nand2_2)
     3    0.02                           _15123_ (net)
                  0.16    0.00   10.56 ^ _20139_/A (sky130_fd_sc_hd__nand3_4)
                  0.12    0.16   10.72 v _20139_/Y (sky130_fd_sc_hd__nand3_4)
     2    0.01                           _15131_ (net)
                  0.12    0.00   10.72 v _20153_/A2 (sky130_fd_sc_hd__o21bai_2)
                  0.25    0.27   10.99 ^ _20153_/Y (sky130_fd_sc_hd__o21bai_2)
     3    0.01                           _15141_ (net)
                  0.25    0.00   10.99 ^ _20157_/A (sky130_fd_sc_hd__nand2_1)
                  0.10    0.18   11.16 v _20157_/Y (sky130_fd_sc_hd__nand2_1)
     2    0.00                           _15143_ (net)
                  0.10    0.00   11.16 v _20161_/A1 (sky130_fd_sc_hd__a21oi_1)
                  0.16    0.21   11.37 ^ _20161_/Y (sky130_fd_sc_hd__a21oi_1)
     1    0.00                           _15147_ (net)
                  0.16    0.00   11.37 ^ _20163_/A (sky130_fd_sc_hd__nor2_1)
                  0.05    0.11   11.48 v _20163_/Y (sky130_fd_sc_hd__nor2_1)
     1    0.00                           _01676_ (net)
                  0.05    0.00   11.48 v _30338_/A1 (sky130_fd_sc_hd__mux2_1)
                  0.10    0.62   12.10 v _30338_/X (sky130_fd_sc_hd__mux2_1)
     1    0.00                           _01677_ (net)
                  0.10    0.00   12.10 v _30792_/A1 (sky130_fd_sc_hd__mux4_1)
                  0.14    1.11   13.20 v _30792_/X (sky130_fd_sc_hd__mux4_1)
     1    0.00                           _01678_ (net)
                  0.14    0.00   13.20 v _30339_/A0 (sky130_fd_sc_hd__mux2_2)
                  0.08    0.55   13.75 v _30339_/X (sky130_fd_sc_hd__mux2_2)
     1    0.00                           _02529_ (net)
                  0.08    0.00   13.75 v _15894_/A (sky130_fd_sc_hd__or2b_1)
                  0.09    0.48   14.22 v _15894_/X (sky130_fd_sc_hd__or2b_1)
     1    0.00                           _13098_ (net)
                  0.09    0.00   14.22 v _15895_/C1 (sky130_fd_sc_hd__o211a_1)
                  0.06    0.19   14.42 v _15895_/X (sky130_fd_sc_hd__o211a_1)
     1    0.00                           _03989_ (net)
                  0.06    0.00   14.42 v _32349_/D (sky130_fd_sc_hd__dfxtp_1)
                                 14.42   data arrival time

                  0.00   24.73   24.73   clock clk (rise edge)
                          0.00   24.73   clock network delay (ideal)
                          0.00   24.73   clock reconvergence pessimism
                                 24.73 ^ _32349_/CLK (sky130_fd_sc_hd__dfxtp_1)
                         -0.28   24.45   library setup time
                                 24.45   data required time
-----------------------------------------------------------------------------
                                 24.45   data required time
                                -14.42   data arrival time
-----------------------------------------------------------------------------
                                 10.03   slack (MET)


