Tue Nov 11 15:20:58 UTC 2025 - Executing "python3 /openLANE_flow/scripts/extract_metal_layers.py -t /home/vsduser/Desktop/work/tools/openlane_working_dir/pdks/sky130A/libs.ref/sky130_fd_sc_hd/techlef/sky130_fd_sc_hd.tlef -o /openLANE_flow/designs/picorv32a/runs/11-11_14-29/tmp/met_layers_list.txt"

Tue Nov 11 15:20:58 UTC 2025 - Executing "/openLANE_flow/scripts/mergeLef.py -i /home/vsduser/Desktop/work/tools/openlane_working_dir/pdks/sky130A/libs.ref/sky130_fd_sc_hd/techlef/sky130_fd_sc_hd.tlef {/home/vsduser/Desktop/work/tools/openlane_working_dir/pdks/sky130A/libs.ref/sky130_fd_sc_hd/lef/sky130_fd_sc_hd.lef /home/vsduser/Desktop/work/tools/openlane_working_dir/pdks/sky130A/libs.ref/sky130_fd_sc_hd/lef/sky130_ef_sc_hd__fill_12.lef /home/vsduser/Desktop/work/tools/openlane_working_dir/pdks/sky130A/libs.ref/sky130_fd_sc_hd/lef/sky130_ef_sc_hd__decap_12.lef /home/vsduser/Desktop/work/tools/openlane_working_dir/pdks/sky130A/libs.ref/sky130_fd_sc_hd/lef/sky130_ef_sc_hd__fakediode_2.lef} -o /openLANE_flow/designs/picorv32a/runs/11-11_14-29/tmp/merged_unpadded.lef |& tee >&@stdout"

Tue Nov 11 15:20:58 UTC 2025 - Executing "/openLANE_flow/scripts/mergeLef.py -i /openLANE_flow/designs/picorv32a/runs/11-11_14-29/tmp/merged_unpadded.lef /openLANE_flow/designs/picorv32a/src/SS_sky130_vsdinv.lef -o /openLANE_flow/designs/picorv32a/runs/11-11_14-29/tmp/merged_unpadded.lef |& tee >&@stdout"

Tue Nov 11 15:20:58 UTC 2025 - Executing "/openLANE_flow/scripts/libtrim.pl /openLANE_flow/designs/picorv32a/src/sky130_fd_sc_hd__typical.lib /openLANE_flow/designs/picorv32a/runs/11-11_14-29/tmp/trimmed.lib.exclude.list > /openLANE_flow/designs/picorv32a/runs/11-11_14-29/tmp/trimmed.lib"

Tue Nov 11 15:20:58 UTC 2025 - Executing "echo {openlane v0.21} > /openLANE_flow/designs/picorv32a/runs/11-11_14-29/OPENLANE_VERSION"

Tue Nov 11 15:21:11 UTC 2025 - Executing "/openLANE_flow/scripts/mergeLef.py -i /openLANE_flow/designs/picorv32a/runs/11-11_14-29/tmp/merged.lef /openLANE_flow/designs/picorv32a/src/SS_sky130_vsdinv.lef -o /openLANE_flow/designs/picorv32a/runs/11-11_14-29/tmp/merged.lef.new"

Tue Nov 11 15:21:11 UTC 2025 - Executing "/openLANE_flow/scripts/mergeLef.py -i /openLANE_flow/designs/picorv32a/runs/11-11_14-29/tmp/merged_unpadded.lef /openLANE_flow/designs/picorv32a/src/SS_sky130_vsdinv.lef -o /openLANE_flow/designs/picorv32a/runs/11-11_14-29/tmp/merged_unpadded.lef.new"

Tue Nov 11 15:21:11 UTC 2025 - Executing "mv /openLANE_flow/designs/picorv32a/runs/11-11_14-29/tmp/merged.lef.new /openLANE_flow/designs/picorv32a/runs/11-11_14-29/tmp/merged.lef"

Tue Nov 11 15:21:11 UTC 2025 - Executing "mv /openLANE_flow/designs/picorv32a/runs/11-11_14-29/tmp/merged_unpadded.lef.new /openLANE_flow/designs/picorv32a/runs/11-11_14-29/tmp/merged_unpadded.lef"

Tue Nov 11 15:21:28 UTC 2025 - Executing "sed -E {s/^([[:space:]]+)pg_pin(.*)/\1pin\2\n\1    direction : "inout";/g} /openLANE_flow/designs/picorv32a/src/sky130_fd_sc_hd__typical.lib > /openLANE_flow/designs/picorv32a/runs/11-11_14-29/tmp/sky130_fd_sc_hd__typical.no_pg.lib"

Tue Nov 11 15:21:28 UTC 2025 - Executing "yosys -c /openLANE_flow/scripts/synth.tcl -l /openLANE_flow/designs/picorv32a/runs/11-11_14-29/logs/synthesis/1-yosys.log |& tee >&@stdout"

Tue Nov 11 15:22:05 UTC 2025 - Executing "sed -i -e {s/\(set ::env(CURRENT_NETLIST)\).*/\1 \/openLANE_flow\/designs\/picorv32a\/runs\/11-11_14-29\/results\/synthesis\/picorv32a.synthesis.v/} /openLANE_flow/designs/picorv32a/runs/11-11_14-29/config.tcl"

Tue Nov 11 15:22:05 UTC 2025 - Executing "sed -i -e {s/\(set ::env(PREV_NETLIST)\).*/\1 0/} /openLANE_flow/designs/picorv32a/runs/11-11_14-29/config.tcl"

Tue Nov 11 15:22:05 UTC 2025 - Executing "sed -i /defparam/d /openLANE_flow/designs/picorv32a/runs/11-11_14-29/results/synthesis/picorv32a.synthesis.v"

Tue Nov 11 15:22:05 UTC 2025 - Executing "sta /openLANE_flow/scripts/sta.tcl |& tee >&@stdout /openLANE_flow/designs/picorv32a/runs/11-11_14-29/logs/synthesis/2-opensta"

Tue Nov 11 15:22:28 UTC 2025 - Executing "openroad -exit /openLANE_flow/scripts/openroad/or_floorplan.tcl |& tee >&@stdout /openLANE_flow/designs/picorv32a/runs/11-11_14-29/logs/floorplan/3-verilog2def.openroad.log"

Tue Nov 11 15:22:37 UTC 2025 - Executing "openroad -exit /openLANE_flow/scripts/openroad/or_ioplacer.tcl |& tee >&@stdout /openLANE_flow/designs/picorv32a/runs/11-11_14-29/logs/floorplan/4-ioPlacer.log"

Tue Nov 11 15:22:44 UTC 2025 - Executing "openroad -exit /openLANE_flow/scripts/openroad/or_tapcell.tcl |& tee >&@stdout /openLANE_flow/designs/picorv32a/runs/11-11_14-29/logs/floorplan/5-tapcell.log"

Tue Nov 11 15:22:57 UTC 2025 - Executing "openroad -exit /openLANE_flow/scripts/openroad/or_replace.tcl |& tee >&@stdout /openLANE_flow/designs/picorv32a/runs/11-11_14-29/logs/placement/6-replace.log"

Tue Nov 11 15:23:05 UTC 2025 - Executing "openroad -exit /openLANE_flow/scripts/openroad/or_resizer.tcl |& tee >&@stdout /openLANE_flow/designs/picorv32a/runs/11-11_14-29/logs/placement/6-resizer.log"

Tue Nov 11 15:23:12 UTC 2025 - Executing "openroad -exit /openLANE_flow/scripts/openroad/or_write_verilog.tcl |& tee >&@stdout /openLANE_flow/designs/picorv32a/runs/11-11_14-29/logs/7-write_verilog.log"

Tue Nov 11 15:23:13 UTC 2025 - Executing "sed -i -e {s/\(set ::env(CURRENT_NETLIST)\).*/\1 \/openLANE_flow\/designs\/picorv32a\/runs\/11-11_14-29\/results\/synthesis\/picorv32a.synthesis_optimized.v/} /openLANE_flow/designs/picorv32a/runs/11-11_14-29/config.tcl"

Tue Nov 11 15:23:13 UTC 2025 - Executing "sed -i -e {s/\(set ::env(PREV_NETLIST)\).*/\1 \/openLANE_flow\/designs\/picorv32a\/runs\/11-11_14-29\/results\/synthesis\/picorv32a.synthesis.v/} /openLANE_flow/designs/picorv32a/runs/11-11_14-29/config.tcl"

Tue Nov 11 15:23:13 UTC 2025 - Executing "sta /openLANE_flow/scripts/sta.tcl |& tee >&@stdout /openLANE_flow/designs/picorv32a/runs/11-11_14-29/logs/synthesis/8-opensta_post_resizer"

Tue Nov 11 15:23:14 UTC 2025 - Executing "openroad -exit /openLANE_flow/scripts/openroad/or_opendp.tcl |& tee >&@stdout /openLANE_flow/designs/picorv32a/runs/11-11_14-29/logs/placement/9-opendp.log"

Tue Nov 11 15:23:15 UTC 2025 - Executing "bash /openLANE_flow/scripts/klayout/scrotLayout.sh /home/vsduser/Desktop/work/tools/openlane_working_dir/pdks/sky130A/libs.tech/klayout/sky130A.lyt /openLANE_flow/designs/picorv32a/runs/11-11_14-29/results/placement/picorv32a.placement.def |& tee >&@stdout /openLANE_flow/designs/picorv32a/runs/11-11_14-29/logs/klayout/10-klayout.scrot.log"

Tue Nov 11 15:23:23 UTC 2025 - Executing "/openLANE_flow/scripts/libtrim.pl /openLANE_flow/designs/picorv32a/src/sky130_fd_sc_hd__typical.lib /openLANE_flow/designs/picorv32a/runs/11-11_14-29/tmp/cts.lib.exclude.list > /openLANE_flow/designs/picorv32a/runs/11-11_14-29/tmp/cts.lib"

Tue Nov 11 15:23:23 UTC 2025 - Executing "openroad -exit /openLANE_flow/scripts/openroad/or_cts.tcl |& tee >&@stdout /openLANE_flow/designs/picorv32a/runs/11-11_14-29/logs/cts/11-cts.log"

Tue Nov 11 15:24:22 UTC 2025 - Executing "openroad -exit /openLANE_flow/scripts/openroad/or_write_verilog.tcl |& tee >&@stdout /openLANE_flow/designs/picorv32a/runs/11-11_14-29/logs/12-write_verilog.log"

Tue Nov 11 15:24:23 UTC 2025 - Executing "sed -i -e {s/\(set ::env(CURRENT_NETLIST)\).*/\1 \/openLANE_flow\/designs\/picorv32a\/runs\/11-11_14-29\/results\/synthesis\/picorv32a.synthesis_cts.v/} /openLANE_flow/designs/picorv32a/runs/11-11_14-29/config.tcl"

Tue Nov 11 15:24:23 UTC 2025 - Executing "sed -i -e {s/\(set ::env(PREV_NETLIST)\).*/\1 \/openLANE_flow\/designs\/picorv32a\/runs\/11-11_14-29\/results\/synthesis\/picorv32a.synthesis_optimized.v/} /openLANE_flow/designs/picorv32a/runs/11-11_14-29/config.tcl"

Tue Nov 11 15:24:23 UTC 2025 - Executing "bash /openLANE_flow/scripts/klayout/scrotLayout.sh /home/vsduser/Desktop/work/tools/openlane_working_dir/pdks/sky130A/libs.tech/klayout/sky130A.lyt /openLANE_flow/designs/picorv32a/runs/11-11_14-29/results/cts/picorv32a.cts.def |& tee >&@stdout /openLANE_flow/designs/picorv32a/runs/11-11_14-29/logs/klayout/13-klayout.scrot.log"

Tue Nov 11 15:34:47 UTC 2025 - Executing "openroad -exit /openLANE_flow/scripts/openroad/or_cts.tcl |& tee >&@stdout /openLANE_flow/designs/picorv32a/runs/11-11_14-29/logs/cts/14-cts.log"

Tue Nov 11 15:35:18 UTC 2025 - Executing "openroad -exit /openLANE_flow/scripts/openroad/or_write_verilog.tcl |& tee >&@stdout /openLANE_flow/designs/picorv32a/runs/11-11_14-29/logs/15-write_verilog.log"

Tue Nov 11 15:35:18 UTC 2025 - Executing "sed -i -e {s/\(set ::env(CURRENT_NETLIST)\).*/\1 \/openLANE_flow\/designs\/picorv32a\/runs\/11-11_14-29\/results\/synthesis\/picorv32a.synthesis_cts.v/} /openLANE_flow/designs/picorv32a/runs/11-11_14-29/config.tcl"

Tue Nov 11 15:35:18 UTC 2025 - Executing "sed -i -e {s/\(set ::env(PREV_NETLIST)\).*/\1 \/openLANE_flow\/designs\/picorv32a\/runs\/11-11_14-29\/results\/synthesis\/picorv32a.synthesis_cts.v/} /openLANE_flow/designs/picorv32a/runs/11-11_14-29/config.tcl"

Tue Nov 11 15:35:18 UTC 2025 - Executing "bash /openLANE_flow/scripts/klayout/scrotLayout.sh /home/vsduser/Desktop/work/tools/openlane_working_dir/pdks/sky130A/libs.tech/klayout/sky130A.lyt /openLANE_flow/designs/picorv32a/runs/11-11_14-29/results/cts/picorv32a.cts.def |& tee >&@stdout /openLANE_flow/designs/picorv32a/runs/11-11_14-29/logs/klayout/16-klayout.scrot.log"

