OpenROAD 24Q3-10021-gc8a6603b7f 
Features included (+) or not (-): +GPU +GUI +Python
This program is licensed under the BSD-3 license. See the LICENSE file for details.
Components of this program may be licensed under more restrictive licenses which must be honored.
[INFO ORD-0030] Using 16 thread(s).
read_liberty /OpenROAD-flow-scripts/flow/platforms/nangate45/lib/NangateOpenCellLibrary_typical.lib
read_db ./results/nangate45/gcd/base/3_3_place_gp.odb
Perform buffer insertion and gate resizing...
repair_design -verbose
Iteration |   Area    | Resized | Buffers | Nets repaired | Remaining
---------------------------------------------------------------------
        0 |     +0.0% |       0 |       0 |             0 |       612
       10 |     +0.0% |       0 |       0 |             0 |       602
       20 |     +0.0% |       0 |       0 |             0 |       592
       30 |     +0.0% |       0 |       0 |             0 |       582
       40 |     +0.0% |       0 |       0 |             0 |       572
       50 |     +0.0% |       0 |       0 |             0 |       562
       60 |     +0.0% |       0 |       0 |             0 |       552
       70 |     +0.0% |       0 |       0 |             0 |       542
       80 |     +0.0% |       0 |       0 |             0 |       532
       90 |     +0.0% |       0 |       0 |             0 |       522
      100 |     +0.0% |       0 |       0 |             0 |       512
      110 |     +0.0% |       0 |       0 |             0 |       502
      120 |     +0.0% |       0 |       0 |             0 |       492
      130 |     +0.0% |       0 |       0 |             0 |       482
      140 |     +0.0% |       0 |       0 |             0 |       472
      150 |     +0.0% |       0 |       0 |             0 |       462
      160 |     +0.0% |       0 |       0 |             0 |       452
      170 |     +0.0% |       0 |       0 |             0 |       442
      180 |     +0.0% |       0 |       0 |             0 |       432
      190 |     +0.0% |       0 |       0 |             0 |       422
      200 |     +0.0% |       0 |       0 |             0 |       412
      210 |     +0.0% |       0 |       0 |             0 |       402
      220 |     +0.0% |       0 |       0 |             0 |       392
      230 |     +0.0% |       0 |       0 |             0 |       382
      240 |     +0.0% |       0 |       0 |             0 |       372
      250 |     +0.0% |       0 |       0 |             0 |       362
      260 |     +0.0% |       0 |       0 |             0 |       352
      270 |     +0.0% |       0 |       0 |             0 |       342
      280 |     +0.0% |       0 |       0 |             0 |       332
      290 |     +0.0% |       0 |       0 |             0 |       322
      300 |     +0.0% |       0 |       0 |             0 |       312
      310 |     +0.0% |       0 |       0 |             0 |       302
      320 |     +0.0% |       0 |       0 |             0 |       292
      330 |     +0.0% |       0 |       0 |             0 |       282
      340 |     +0.0% |       0 |       0 |             0 |       272
      350 |     +0.0% |       0 |       0 |             0 |       262
      360 |     +0.0% |       0 |       0 |             0 |       252
      370 |     +0.0% |       0 |       0 |             0 |       242
      380 |     +0.0% |       0 |       0 |             0 |       232
      390 |     +0.0% |       0 |       0 |             0 |       222
      400 |     +0.0% |       0 |       0 |             0 |       212
      410 |     +0.0% |       0 |       0 |             0 |       202
      420 |     +0.0% |       0 |       0 |             0 |       192
      430 |     +0.0% |       0 |       0 |             0 |       182
      440 |     +0.0% |       0 |       0 |             0 |       172
      450 |     +0.0% |       0 |       0 |             0 |       162
      460 |     +0.0% |       0 |       0 |             0 |       152
      470 |     +0.0% |       0 |       0 |             0 |       142
      480 |     +0.0% |       0 |       0 |             0 |       132
      490 |     +0.0% |       0 |       0 |             0 |       122
      500 |     +0.0% |       0 |       0 |             0 |       112
      510 |     +0.0% |       0 |       0 |             0 |       102
      520 |     +0.0% |       0 |       0 |             0 |        92
      530 |     +0.0% |       0 |       0 |             0 |        82
      540 |     +0.0% |       0 |       0 |             0 |        72
      550 |     +0.0% |       0 |       0 |             0 |        62
      560 |     +0.0% |       0 |       0 |             0 |        52
      570 |     +0.0% |       0 |       0 |             0 |        42
      580 |     +0.0% |       0 |       0 |             0 |        32
      590 |     +0.0% |       0 |       0 |             0 |        22
      600 |     +0.0% |       0 |       0 |             0 |        12
      610 |     +0.0% |       0 |       0 |             0 |         2
    final |     +0.0% |       0 |       0 |             0 |         0
---------------------------------------------------------------------
Floating nets: 
Report metrics stage 3, resizer...

==========================================================================
resizer report_design_area
--------------------------------------------------------------------------
Design area 668 um^2 58% utilization.
Instance count before 589, after 589
Pin count before 1640, after 1640
Elapsed time: 0:00.51[h:]min:sec. CPU time: user 0.48 sys 0.20 (135%). Peak memory: 120516KB.
Log                        Elapsed/s Peak Memory/MB  sha1sum .odb [0:20)
3_4_place_resized                  0            117 01b5b2efc39ab0ad03d5
