OpenROAD 0.9.0 1415572a73
This program is licensed under the BSD-3 license. See the LICENSE file for details.
Components of this program may be licensed under more restrictive licenses which must be honored.
Notice 0: Reading LEF file:  /openLANE_flow/designs/picorv32a/runs/24-03_10-03/tmp/merged_unpadded.lef
Notice 0:     Created 13 technology layers
Notice 0:     Created 25 technology vias
Notice 0:     Created 442 library cells
Notice 0: Finished LEF file:  /openLANE_flow/designs/picorv32a/runs/24-03_10-03/tmp/merged_unpadded.lef
Notice 0: 
Reading DEF file: /openLANE_flow/designs/picorv32a/runs/24-03_10-03/tmp/floorplan/6-ioPlacer.def
Notice 0: Design: picorv32a
Notice 0:     Created 409 pins.
Notice 0:     Created 15705 components and 118344 component-terminals.
Notice 0:     Created 17241 nets and 55482 connections.
Notice 0: Finished DEF file: /openLANE_flow/designs/picorv32a/runs/24-03_10-03/tmp/floorplan/6-ioPlacer.def
[INFO GPL-0002] DBU: 1000
[INFO GPL-0003] SiteSize: 460 2720
[INFO GPL-0004] CoreAreaLxLy: 5520 10880
[INFO GPL-0005] CoreAreaUxUy: 715300 718080
[INFO GPL-0006] NumInstances: 15705
[INFO GPL-0007] NumPlaceInstances: 15705
[INFO GPL-0008] NumFixedInstances: 0
[INFO GPL-0009] NumDummyInstances: 0
[INFO GPL-0010] NumNets: 17241
[INFO GPL-0011] NumPins: 55891
[INFO GPL-0012] DieAreaLxLy: 0 0
[INFO GPL-0013] DieAreaUxUy: 720865 731585
[INFO GPL-0014] CoreAreaLxLy: 5520 10880
[INFO GPL-0015] CoreAreaUxUy: 715300 718080
[INFO GPL-0016] CoreArea: 501956416000
[INFO GPL-0017] NonPlaceInstsArea: 0
[INFO GPL-0018] PlaceInstsArea: 176347881600
[INFO GPL-0019] Util(%): 35.13
[INFO GPL-0020] StdInstsArea: 176347881600
[INFO GPL-0021] MacroInstsArea: 0
Begin InitialPlace
[InitialPlace]  Iter: 1 CG Error: 0.00024732 HPWL: 415955615
[InitialPlace]  Iter: 2 CG Error: 0.00003757 HPWL: 333094891
[InitialPlace]  Iter: 3 CG Error: 0.00076140 HPWL: 333331905
[InitialPlace]  Iter: 4 CG Error: 0.00002042 HPWL: 333262682
[InitialPlace]  Iter: 5 CG Error: 0.00001122 HPWL: 332758379
[InitialPlace]  Iter: 6 CG Error: 0.00000989 HPWL: 332854609
End InitialPlace
[INFO GPL-0031] FillerInit: NumGCells: 17925
[INFO GPL-0032] FillerInit: NumGNets: 17241
[INFO GPL-0033] FillerInit: NumGPins: 55891
[INFO GPL-0023] TargetDensity: 0.40
[INFO GPL-0024] AveragePlaceInstArea: 11228773
[INFO GPL-0025] IdealBinArea: 28071932
[INFO GPL-0026] IdealBinCnt: 17881
[INFO GPL-0027] TotalBinArea: 501956416000
[INFO GPL-0028] BinCnt: 128 128
[INFO GPL-0029] BinSize: 5546 5525
[INFO GPL-0030] NumBins: 16384
Begin NesterovInit
End NesterovInit
[NesterovSolve] Iter: 1 overflow: 0.962485 HPWL: 253857935
[NesterovSolve] Iter: 10 overflow: 0.929532 HPWL: 299896060
[NesterovSolve] Iter: 20 overflow: 0.929103 HPWL: 300886882
[NesterovSolve] Iter: 30 overflow: 0.928957 HPWL: 300789057
[NesterovSolve] Iter: 40 overflow: 0.928825 HPWL: 301047179
[NesterovSolve] Iter: 50 overflow: 0.928856 HPWL: 301066753
[NesterovSolve] Iter: 60 overflow: 0.928902 HPWL: 301105675
[NesterovSolve] Iter: 70 overflow: 0.928922 HPWL: 301130947
[NesterovSolve] Iter: 80 overflow: 0.928897 HPWL: 301202871
[NesterovSolve] Iter: 90 overflow: 0.928836 HPWL: 301281846
[NesterovSolve] Iter: 100 overflow: 0.928825 HPWL: 301453650
[NesterovSolve] Iter: 110 overflow: 0.928808 HPWL: 301787079
[NesterovSolve] Iter: 120 overflow: 0.928753 HPWL: 302407900
[NesterovSolve] Iter: 130 overflow: 0.928601 HPWL: 303547129
[NesterovSolve] Iter: 140 overflow: 0.928391 HPWL: 305657127
[NesterovSolve] Iter: 150 overflow: 0.928026 HPWL: 309470902
[NesterovSolve] Iter: 160 overflow: 0.927568 HPWL: 315859675
[NesterovSolve] Iter: 170 overflow: 0.926798 HPWL: 325149570
[NesterovSolve] Iter: 180 overflow: 0.924428 HPWL: 336584799
[NesterovSolve] Iter: 190 overflow: 0.92005 HPWL: 350267752
[NesterovSolve] Iter: 200 overflow: 0.912616 HPWL: 367042064
[NesterovSolve] Iter: 210 overflow: 0.900416 HPWL: 387317256
[NesterovSolve] Iter: 220 overflow: 0.883385 HPWL: 410363941
[NesterovSolve] Iter: 230 overflow: 0.863276 HPWL: 435541745
[NesterovSolve] Iter: 240 overflow: 0.840646 HPWL: 463080613
[NesterovSolve] Iter: 250 overflow: 0.812583 HPWL: 491871239
[NesterovSolve] Iter: 260 overflow: 0.780316 HPWL: 520840541
[NesterovSolve] Iter: 270 overflow: 0.744607 HPWL: 547576722
[NesterovSolve] Iter: 280 overflow: 0.708402 HPWL: 575507338
[NesterovSolve] Iter: 290 overflow: 0.666815 HPWL: 607266815
[NesterovSolve] Iter: 300 overflow: 0.621237 HPWL: 636860521
[NesterovSolve] Iter: 310 overflow: 0.57237 HPWL: 667390414
[NesterovSolve] Iter: 320 overflow: 0.522755 HPWL: 693073338
[NesterovSolve] Iter: 330 overflow: 0.476032 HPWL: 721191199
[NesterovSolve] Iter: 340 overflow: 0.423958 HPWL: 743509991
[NesterovSolve] Iter: 350 overflow: 0.379572 HPWL: 759606563
[NesterovSolve] Iter: 360 overflow: 0.344009 HPWL: 768500562
[NesterovSolve] Iter: 370 overflow: 0.316317 HPWL: 772330794
[NesterovSolve] Iter: 380 overflow: 0.291007 HPWL: 776074840
[NesterovSolve] Iter: 390 overflow: 0.263126 HPWL: 777920784
[NesterovSolve] Iter: 400 overflow: 0.241053 HPWL: 779502340
[NesterovSolve] Iter: 410 overflow: 0.216435 HPWL: 780767022
[NesterovSolve] Iter: 420 overflow: 0.194341 HPWL: 781904417
[NesterovSolve] Iter: 430 overflow: 0.17374 HPWL: 783028080
[NesterovSolve] Iter: 440 overflow: 0.154624 HPWL: 784285139
[NesterovSolve] Iter: 450 overflow: 0.137495 HPWL: 785883404
[NesterovSolve] Iter: 460 overflow: 0.122136 HPWL: 787195014
[NesterovSolve] Iter: 470 overflow: 0.106669 HPWL: 788503222
[NesterovSolve] Finished with Overflow: 0.099256
create_clock [get_ports $::env(CLOCK_PORT)]  -name $::env(CLOCK_PORT)  -period $::env(CLOCK_PERIOD)
set input_delay_value [expr $::env(CLOCK_PERIOD) * $::env(IO_PCT)]
set output_delay_value [expr $::env(CLOCK_PERIOD) * $::env(IO_PCT)]
puts "\[INFO\]: Setting output delay to: $output_delay_value"
[INFO]: Setting output delay to: 4.946000000000001
puts "\[INFO\]: Setting input delay to: $input_delay_value"
[INFO]: Setting input delay to: 4.946000000000001
set_max_fanout $::env(SYNTH_MAX_FANOUT) [current_design]
set clk_indx [lsearch [all_inputs] [get_port $::env(CLOCK_PORT)]]
#set rst_indx [lsearch [all_inputs] [get_port resetn]]
set all_inputs_wo_clk [lreplace [all_inputs] $clk_indx $clk_indx]
#set all_inputs_wo_clk_rst [lreplace $all_inputs_wo_clk $rst_indx $rst_indx]
set all_inputs_wo_clk_rst $all_inputs_wo_clk
# correct resetn
set_input_delay $input_delay_value  -clock [get_clocks $::env(CLOCK_PORT)] $all_inputs_wo_clk_rst
#set_input_delay 0.0 -clock [get_clocks $::env(CLOCK_PORT)] {resetn}
set_output_delay $output_delay_value  -clock [get_clocks $::env(CLOCK_PORT)] [all_outputs]
# TODO set this as parameter
set_driving_cell -lib_cell $::env(SYNTH_DRIVING_CELL) -pin $::env(SYNTH_DRIVING_CELL_PIN) [all_inputs]
set cap_load [expr $::env(SYNTH_CAP_LOAD) / 1000.0]
puts "\[INFO\]: Setting load to: $cap_load"
[INFO]: Setting load to: 0.01765
set_load  $cap_load [all_outputs]
No paths found.
Startpoint: _31195_ (rising edge-triggered flip-flop clocked by clk)
Endpoint: _31195_ (rising edge-triggered flip-flop clocked by clk)
Path Group: clk
Path Type: min

Fanout     Cap    Slew   Delay    Time   Description
-----------------------------------------------------------------------------
                  0.00    0.00    0.00   clock clk (rise edge)
                          0.00    0.00   clock network delay (ideal)
                  0.00    0.00    0.00 ^ _31195_/CLK (sky130_fd_sc_hd__dfxtp_2)
                  0.03    0.18    0.18 ^ _31195_/Q (sky130_fd_sc_hd__dfxtp_2)
     2    0.00                           cpuregs[0][0] (net)
                  0.03    0.00    0.18 ^ _18491_/A (sky130_fd_sc_hd__buf_1)
                  0.03    0.05    0.23 ^ _18491_/X (sky130_fd_sc_hd__buf_1)
     1    0.00                           _02835_ (net)
                  0.03    0.00    0.23 ^ _31195_/D (sky130_fd_sc_hd__dfxtp_2)
                                  0.23   data arrival time

                  0.00    0.00    0.00   clock clk (rise edge)
                          0.00    0.00   clock network delay (ideal)
                          0.00    0.00   clock reconvergence pessimism
                                  0.00 ^ _31195_/CLK (sky130_fd_sc_hd__dfxtp_2)
                         -0.02   -0.02   library hold time
                                 -0.02   data required time
-----------------------------------------------------------------------------
                                 -0.02   data required time
                                 -0.23   data arrival time
-----------------------------------------------------------------------------
                                  0.25   slack (MET)


Startpoint: _30882_ (rising edge-triggered flip-flop clocked by clk)
Endpoint: _32288_ (rising edge-triggered flip-flop clocked by clk)
Path Group: clk
Path Type: max

Fanout     Cap    Slew   Delay    Time   Description
-----------------------------------------------------------------------------
                  0.00    0.00    0.00   clock clk (rise edge)
                          0.00    0.00   clock network delay (ideal)
                  0.00    0.00    0.00 ^ _30882_/CLK (sky130_fd_sc_hd__dfxtp_2)
                  0.12    0.65    0.65 v _30882_/Q (sky130_fd_sc_hd__dfxtp_2)
     6    0.02                           irq_pending[21] (net)
                  0.12    0.00    0.65 v _15402_/B (sky130_fd_sc_hd__nand2_2)
                  0.27    0.27    0.91 ^ _15402_/Y (sky130_fd_sc_hd__nand2_2)
     2    0.03                           _12727_ (net)
                  0.27    0.00    0.91 ^ _15407_/B1 (sky130_fd_sc_hd__o2111ai_2)
                  0.23    0.36    1.27 v _15407_/Y (sky130_fd_sc_hd__o2111ai_2)
     1    0.01                           _12732_ (net)
                  0.23    0.00    1.27 v _15408_/B (sky130_fd_sc_hd__nor2_2)
                  0.18    0.24    1.52 ^ _15408_/Y (sky130_fd_sc_hd__nor2_2)
     1    0.01                           _12733_ (net)
                  0.18    0.00    1.52 ^ _15409_/B (sky130_fd_sc_hd__nand2_2)
                  0.10    0.17    1.69 v _15409_/Y (sky130_fd_sc_hd__nand2_2)
     2    0.01                           _12734_ (net)
                  0.10    0.00    1.69 v _15446_/A1 (sky130_fd_sc_hd__o21bai_2)
                  0.51    0.51    2.20 ^ _15446_/Y (sky130_fd_sc_hd__o21bai_2)
     6    0.03                           _12771_ (net)
                  0.51    0.00    2.20 ^ _15447_/D1 (sky130_fd_sc_hd__o2111ai_2)
                  0.47    0.58    2.78 v _15447_/Y (sky130_fd_sc_hd__o2111ai_2)
     2    0.02                           _12772_ (net)
                  0.47    0.00    2.78 v _16145_/C (sky130_fd_sc_hd__nor3_2)
                  0.59    0.62    3.41 ^ _16145_/Y (sky130_fd_sc_hd__nor3_2)
     4    0.02                           _13285_ (net)
                  0.59    0.00    3.41 ^ _16146_/A (sky130_fd_sc_hd__nand3_2)
                  0.37    0.50    3.91 v _16146_/Y (sky130_fd_sc_hd__nand3_2)
     5    0.02                           _13286_ (net)
                  0.37    0.00    3.91 v _16147_/C (sky130_fd_sc_hd__nor3_2)
                  0.51    0.52    4.43 ^ _16147_/Y (sky130_fd_sc_hd__nor3_2)
     3    0.02                           _13287_ (net)
                  0.51    0.00    4.43 ^ _16148_/A (sky130_fd_sc_hd__nand3_2)
                  0.30    0.42    4.85 v _16148_/Y (sky130_fd_sc_hd__nand3_2)
     4    0.02                           _13288_ (net)
                  0.30    0.00    4.85 v _16149_/C (sky130_fd_sc_hd__nor3_2)
                  0.65    0.60    5.46 ^ _16149_/Y (sky130_fd_sc_hd__nor3_2)
     4    0.02                           _13289_ (net)
                  0.65    0.00    5.46 ^ _16150_/A (sky130_fd_sc_hd__nand3_2)
                  0.32    0.47    5.92 v _16150_/Y (sky130_fd_sc_hd__nand3_2)
     4    0.02                           _13290_ (net)
                  0.32    0.00    5.92 v _16151_/C (sky130_fd_sc_hd__nor3_2)
                  0.51    0.49    6.41 ^ _16151_/Y (sky130_fd_sc_hd__nor3_2)
     3    0.02                           _13291_ (net)
                  0.51    0.00    6.41 ^ _16152_/A (sky130_fd_sc_hd__nand3_2)
                  0.36    0.47    6.88 v _16152_/Y (sky130_fd_sc_hd__nand3_2)
     5    0.02                           _13292_ (net)
                  0.36    0.00    6.88 v _16153_/C (sky130_fd_sc_hd__nor3_2)
                  0.37    0.40    7.28 ^ _16153_/Y (sky130_fd_sc_hd__nor3_2)
     2    0.01                           _13293_ (net)
                  0.37    0.00    7.28 ^ _16154_/A (sky130_fd_sc_hd__nand3_2)
                  0.34    0.41    7.69 v _16154_/Y (sky130_fd_sc_hd__nand3_2)
     5    0.02                           _13294_ (net)
                  0.34    0.00    7.69 v _16155_/C (sky130_fd_sc_hd__nor3_2)
                  0.38    0.40    8.09 ^ _16155_/Y (sky130_fd_sc_hd__nor3_2)
     2    0.01                           _13295_ (net)
                  0.38    0.00    8.09 ^ _16156_/A (sky130_fd_sc_hd__nand3_2)
                  0.35    0.41    8.50 v _16156_/Y (sky130_fd_sc_hd__nand3_2)
     5    0.02                           _13296_ (net)
                  0.35    0.00    8.51 v _16157_/C (sky130_fd_sc_hd__nor3_2)
                  0.50    0.49    8.99 ^ _16157_/Y (sky130_fd_sc_hd__nor3_2)
     3    0.02                           _13297_ (net)
                  0.50    0.00    8.99 ^ _16158_/A (sky130_fd_sc_hd__nand3_2)
                  0.31    0.42    9.41 v _16158_/Y (sky130_fd_sc_hd__nand3_2)
     4    0.02                           _13298_ (net)
                  0.31    0.00    9.41 v _16159_/C (sky130_fd_sc_hd__nor3_2)
                  0.51    0.49    9.90 ^ _16159_/Y (sky130_fd_sc_hd__nor3_2)
     3    0.02                           _13299_ (net)
                  0.51    0.00    9.90 ^ _16160_/A (sky130_fd_sc_hd__nand3_2)
                  0.36    0.47   10.36 v _16160_/Y (sky130_fd_sc_hd__nand3_2)
     5    0.02                           _13300_ (net)
                  0.36    0.00   10.36 v _16161_/C (sky130_fd_sc_hd__nor3_2)
                  0.53    0.53   10.90 ^ _16161_/Y (sky130_fd_sc_hd__nor3_2)
     3    0.02                           _13301_ (net)
                  0.53    0.00   10.90 ^ _16162_/A (sky130_fd_sc_hd__nand3_2)
                  0.31    0.43   11.32 v _16162_/Y (sky130_fd_sc_hd__nand3_2)
     4    0.02                           _13302_ (net)
                  0.31    0.00   11.32 v _16163_/C (sky130_fd_sc_hd__nor3_2)
                  0.65    0.59   11.91 ^ _16163_/Y (sky130_fd_sc_hd__nor3_2)
     4    0.02                           _13303_ (net)
                  0.65    0.00   11.91 ^ _16164_/A (sky130_fd_sc_hd__nand3_2)
                  0.32    0.47   12.38 v _16164_/Y (sky130_fd_sc_hd__nand3_2)
     4    0.02                           _13304_ (net)
                  0.32    0.00   12.38 v _16165_/C (sky130_fd_sc_hd__nor3_2)
                  0.65    0.60   12.98 ^ _16165_/Y (sky130_fd_sc_hd__nor3_2)
     4    0.02                           _13305_ (net)
                  0.65    0.00   12.98 ^ _16166_/A (sky130_fd_sc_hd__nand3_2)
                  0.32    0.47   13.44 v _16166_/Y (sky130_fd_sc_hd__nand3_2)
     4    0.02                           _13306_ (net)
                  0.32    0.00   13.44 v _16167_/C (sky130_fd_sc_hd__nor3_2)
                  0.69    0.64   14.08 ^ _16167_/Y (sky130_fd_sc_hd__nor3_2)
     4    0.02                           _13307_ (net)
                  0.69    0.00   14.08 ^ _16168_/A (sky130_fd_sc_hd__nand3_2)
                  0.33    0.48   14.55 v _16168_/Y (sky130_fd_sc_hd__nand3_2)
     4    0.02                           _13308_ (net)
                  0.33    0.00   14.55 v _16169_/C (sky130_fd_sc_hd__nor3_2)
                  0.70    0.65   15.20 ^ _16169_/Y (sky130_fd_sc_hd__nor3_2)
     4    0.02                           _13309_ (net)
                  0.70    0.00   15.21 ^ _16170_/A (sky130_fd_sc_hd__nand3_2)
                  0.33    0.48   15.69 v _16170_/Y (sky130_fd_sc_hd__nand3_2)
     4    0.02                           _13310_ (net)
                  0.33    0.00   15.69 v _16171_/C (sky130_fd_sc_hd__nor3_2)
                  0.65    0.60   16.29 ^ _16171_/Y (sky130_fd_sc_hd__nor3_2)
     4    0.02                           _13311_ (net)
                  0.65    0.00   16.29 ^ _16172_/A (sky130_fd_sc_hd__nand3_2)
                  0.33    0.47   16.76 v _16172_/Y (sky130_fd_sc_hd__nand3_2)
     5    0.02                           _13312_ (net)
                  0.33    0.00   16.76 v _16173_/C (sky130_fd_sc_hd__nor3_2)
                  0.49    0.48   17.24 ^ _16173_/Y (sky130_fd_sc_hd__nor3_2)
     3    0.01                           _13313_ (net)
                  0.49    0.00   17.24 ^ _16174_/A (sky130_fd_sc_hd__nand3_2)
                  0.28    0.39   17.63 v _16174_/Y (sky130_fd_sc_hd__nand3_2)
     4    0.02                           _13314_ (net)
                  0.28    0.00   17.63 v _16175_/A_N (sky130_fd_sc_hd__nand3b_2)
                  0.14    0.53   18.17 v _16175_/Y (sky130_fd_sc_hd__nand3b_2)
     1    0.00                           _13315_ (net)
                  0.14    0.00   18.17 v _16176_/B (sky130_fd_sc_hd__nor2_2)
                  0.14    0.17   18.34 ^ _16176_/Y (sky130_fd_sc_hd__nor2_2)
     1    0.00                           _13316_ (net)
                  0.14    0.00   18.34 ^ _16181_/A (sky130_fd_sc_hd__nor2_2)
                  0.04    0.09   18.43 v _16181_/Y (sky130_fd_sc_hd__nor2_2)
     1    0.00                           _03928_ (net)
                  0.04    0.00   18.43 v _32288_/D (sky130_fd_sc_hd__dfxtp_2)
                                 18.43   data arrival time

                  0.00   24.73   24.73   clock clk (rise edge)
                          0.00   24.73   clock network delay (ideal)
                          0.00   24.73   clock reconvergence pessimism
                                 24.73 ^ _32288_/CLK (sky130_fd_sc_hd__dfxtp_2)
                         -0.28   24.45   library setup time
                                 24.45   data required time
-----------------------------------------------------------------------------
                                 24.45   data required time
                                -18.43   data arrival time
-----------------------------------------------------------------------------
                                  6.02   slack (MET)


No paths found.
wns 0.00
tns 0.00
