OpenROAD 0.9.0 1415572a73
This program is licensed under the BSD-3 license. See the LICENSE file for details.
Components of this program may be licensed under more restrictive licenses which must be honored.
Notice 0: Reading LEF file:  /openLANE_flow/designs/picorv32a/runs/11-11_14-29/tmp/merged_unpadded.lef
Notice 0:     Created 13 technology layers
Notice 0:     Created 25 technology vias
Notice 0:     Created 442 library cells
Notice 0: Finished LEF file:  /openLANE_flow/designs/picorv32a/runs/11-11_14-29/tmp/merged_unpadded.lef
Notice 0: 
Reading DEF file: /openLANE_flow/designs/picorv32a/runs/11-11_14-29/tmp/placement/6-replace.def
Notice 0: Design: picorv32a
Notice 0:     Created 409 pins.
Notice 0:     Created 23297 components and 134568 component-terminals.
Notice 0:     Created 17241 nets and 55482 connections.
Notice 0: Finished DEF file: /openLANE_flow/designs/picorv32a/runs/11-11_14-29/tmp/placement/6-replace.def
create_clock [get_ports $::env(CLOCK_PORT)]  -name $::env(CLOCK_PORT)  -period $::env(CLOCK_PERIOD)
set input_delay_value [expr $::env(CLOCK_PERIOD) * $::env(IO_PCT)]
set output_delay_value [expr $::env(CLOCK_PERIOD) * $::env(IO_PCT)]
puts "\[INFO\]: Setting output delay to: $output_delay_value"
[INFO]: Setting output delay to: 4.946000000000001
puts "\[INFO\]: Setting input delay to: $input_delay_value"
[INFO]: Setting input delay to: 4.946000000000001
set_max_fanout $::env(SYNTH_MAX_FANOUT) [current_design]
set clk_indx [lsearch [all_inputs] [get_port $::env(CLOCK_PORT)]]
#set rst_indx [lsearch [all_inputs] [get_port resetn]]
set all_inputs_wo_clk [lreplace [all_inputs] $clk_indx $clk_indx]
#set all_inputs_wo_clk_rst [lreplace $all_inputs_wo_clk $rst_indx $rst_indx]
set all_inputs_wo_clk_rst $all_inputs_wo_clk
# correct resetn
set_input_delay $input_delay_value  -clock [get_clocks $::env(CLOCK_PORT)] $all_inputs_wo_clk_rst
#set_input_delay 0.0 -clock [get_clocks $::env(CLOCK_PORT)] {resetn}
set_output_delay $output_delay_value  -clock [get_clocks $::env(CLOCK_PORT)] [all_outputs]
# TODO set this as parameter
set_driving_cell -lib_cell $::env(SYNTH_DRIVING_CELL) -pin $::env(SYNTH_DRIVING_CELL_PIN) [all_inputs]
set cap_load [expr $::env(SYNTH_CAP_LOAD) / 1000.0]
puts "\[INFO\]: Setting load to: $cap_load"
[INFO]: Setting load to: 0.01765
set_load  $cap_load [all_outputs]
[INFO RSZ-0027] Inserted 101 input buffers.
[INFO RSZ-0028] Inserted 307 output buffers.
[INFO RSZ-0034] Found 64 slew violations.
[INFO RSZ-0036] Found 65 capacitance violations.
[INFO RSZ-0038] Inserted 92 buffers in 65 nets.
[INFO RSZ-0039] Resized 12170 instances.
[WARNING RSZ-0020] found 1434 floatiing nets.
 _00302_
 _00308_
 _00340_
 _00371_
 _00372_
 _00373_
 _00374_
 _00376_
 _00377_
 _00378_
 _00379_
 _00381_
 _00382_
 _00383_
 _00384_
 _00386_
 _00387_
 _00388_
 _00389_
 _00392_
 _00393_
 _00394_
 _00395_
 _00398_
 _00399_
 _00400_
 _00401_
 _00403_
 _00404_
 _00405_
 _00406_
 _00408_
 _00409_
 _00410_
 _00411_
 _00413_
 _00414_
 _00415_
 _00416_
 _00419_
 _00420_
 _00421_
 _00422_
 _00425_
 _00426_
 _00427_
 _00428_
 _00430_
 _00431_
 _00432_
 _00433_
 _00435_
 _00436_
 _00437_
 _00438_
 _00440_
 _00441_
 _00442_
 _00443_
 _00446_
 _00447_
 _00448_
 _00449_
 _00452_
 _00453_
 _00454_
 _00455_
 _00457_
 _00458_
 _00459_
 _00460_
 _00462_
 _00463_
 _00464_
 _00465_
 _00467_
 _00468_
 _00469_
 _00470_
 _00473_
 _00474_
 _00475_
 _00476_
 _00479_
 _00480_
 _00481_
 _00482_
 _00484_
 _00485_
 _00486_
 _00487_
 _00489_
 _00490_
 _00491_
 _00492_
 _00494_
 _00495_
 _00496_
 _00497_
 _00500_
 _00501_
 _00502_
 _00503_
 _00506_
 _00507_
 _00508_
 _00509_
 _00511_
 _00512_
 _00513_
 _00514_
 _00516_
 _00517_
 _00518_
 _00519_
 _00521_
 _00522_
 _00523_
 _00524_
 _00527_
 _00528_
 _00529_
 _00530_
 _00533_
 _00534_
 _00535_
 _00536_
 _00538_
 _00539_
 _00540_
 _00541_
 _00543_
 _00544_
 _00545_
 _00546_
 _00548_
 _00549_
 _00550_
 _00551_
 _00554_
 _00555_
 _00556_
 _00557_
 _00560_
 _00561_
 _00562_
 _00563_
 _00565_
 _00566_
 _00567_
 _00568_
 _00570_
 _00571_
 _00572_
 _00573_
 _00575_
 _00576_
 _00577_
 _00578_
 _00581_
 _00582_
 _00583_
 _00584_
 _00587_
 _00588_
 _00589_
 _00590_
 _00592_
 _00593_
 _00594_
 _00595_
 _00597_
 _00598_
 _00599_
 _00600_
 _00602_
 _00603_
 _00604_
 _00605_
 _00608_
 _00609_
 _00610_
 _00611_
 _00614_
 _00615_
 _00616_
 _00617_
 _00619_
 _00620_
 _00621_
 _00622_
 _00624_
 _00625_
 _00626_
 _00627_
 _00629_
 _00630_
 _00631_
 _00632_
 _00635_
 _00636_
 _00637_
 _00638_
 _00641_
 _00642_
 _00643_
 _00644_
 _00646_
 _00647_
 _00648_
 _00649_
 _00651_
 _00652_
 _00653_
 _00654_
 _00656_
 _00657_
 _00658_
 _00659_
 _00662_
 _00663_
 _00664_
 _00665_
 _00668_
 _00669_
 _00670_
 _00671_
 _00673_
 _00674_
 _00675_
 _00676_
 _00678_
 _00679_
 _00680_
 _00681_
 _00683_
 _00684_
 _00685_
 _00686_
 _00689_
 _00690_
 _00691_
 _00692_
 _00695_
 _00696_
 _00697_
 _00698_
 _00700_
 _00701_
 _00702_
 _00703_
 _00705_
 _00706_
 _00707_
 _00708_
 _00710_
 _00711_
 _00712_
 _00713_
 _00716_
 _00717_
 _00718_
 _00719_
 _00722_
 _00723_
 _00724_
 _00725_
 _00727_
 _00728_
 _00729_
 _00730_
 _00732_
 _00733_
 _00734_
 _00735_
 _00737_
 _00738_
 _00739_
 _00740_
 _00743_
 _00744_
 _00745_
 _00746_
 _00749_
 _00750_
 _00751_
 _00752_
 _00754_
 _00755_
 _00756_
 _00757_
 _00759_
 _00760_
 _00761_
 _00762_
 _00764_
 _00765_
 _00766_
 _00767_
 _00770_
 _00771_
 _00772_
 _00773_
 _00776_
 _00777_
 _00778_
 _00779_
 _00781_
 _00782_
 _00783_
 _00784_
 _00786_
 _00787_
 _00788_
 _00789_
 _00791_
 _00792_
 _00793_
 _00794_
 _00797_
 _00798_
 _00799_
 _00800_
 _00803_
 _00804_
 _00805_
 _00806_
 _00808_
 _00809_
 _00810_
 _00811_
 _00813_
 _00814_
 _00815_
 _00816_
 _00818_
 _00819_
 _00820_
 _00821_
 _00824_
 _00825_
 _00826_
 _00827_
 _00830_
 _00831_
 _00832_
 _00833_
 _00835_
 _00836_
 _00837_
 _00838_
 _00840_
 _00841_
 _00842_
 _00843_
 _00845_
 _00846_
 _00847_
 _00848_
 _00851_
 _00852_
 _00853_
 _00854_
 _00857_
 _00858_
 _00859_
 _00860_
 _00862_
 _00863_
 _00864_
 _00865_
 _00867_
 _00868_
 _00869_
 _00870_
 _00872_
 _00873_
 _00874_
 _00875_
 _00878_
 _00879_
 _00880_
 _00881_
 _00884_
 _00885_
 _00886_
 _00887_
 _00889_
 _00890_
 _00891_
 _00892_
 _00894_
 _00895_
 _00896_
 _00897_
 _00899_
 _00900_
 _00901_
 _00902_
 _00905_
 _00906_
 _00907_
 _00908_
 _00911_
 _00912_
 _00913_
 _00914_
 _00916_
 _00917_
 _00918_
 _00919_
 _00921_
 _00922_
 _00923_
 _00924_
 _00926_
 _00927_
 _00928_
 _00929_
 _00932_
 _00933_
 _00934_
 _00935_
 _00938_
 _00939_
 _00940_
 _00941_
 _00943_
 _00944_
 _00945_
 _00946_
 _00948_
 _00949_
 _00950_
 _00951_
 _00953_
 _00954_
 _00955_
 _00956_
 _00959_
 _00960_
 _00961_
 _00962_
 _00965_
 _00966_
 _00967_
 _00968_
 _00970_
 _00971_
 _00972_
 _00973_
 _00975_
 _00976_
 _00977_
 _00978_
 _00980_
 _00981_
 _00982_
 _00983_
 _00986_
 _00987_
 _00988_
 _00989_
 _00992_
 _00993_
 _00994_
 _00995_
 _00997_
 _00998_
 _00999_
 _01000_
 _01002_
 _01003_
 _01004_
 _01005_
 _01007_
 _01008_
 _01009_
 _01010_
 _01013_
 _01014_
 _01015_
 _01016_
 _01019_
 _01020_
 _01021_
 _01022_
 _01024_
 _01025_
 _01026_
 _01027_
 _01029_
 _01030_
 _01031_
 _01032_
 _01034_
 _01035_
 _01036_
 _01037_
 _01040_
 _01041_
 _01042_
 _01043_
 _01046_
 _01047_
 _01048_
 _01049_
 _01051_
 _01052_
 _01053_
 _01054_
 _01056_
 _01057_
 _01058_
 _01059_
 _01061_
 _01062_
 _01063_
 _01064_
 _01067_
 _01068_
 _01069_
 _01070_
 _01073_
 _01074_
 _01075_
 _01076_
 _01078_
 _01079_
 _01080_
 _01081_
 _01083_
 _01084_
 _01085_
 _01086_
 _01088_
 _01089_
 _01090_
 _01091_
 _01094_
 _01095_
 _01096_
 _01097_
 _01100_
 _01101_
 _01102_
 _01103_
 _01105_
 _01106_
 _01107_
 _01108_
 _01110_
 _01111_
 _01112_
 _01113_
 _01115_
 _01116_
 _01117_
 _01118_
 _01121_
 _01122_
 _01123_
 _01124_
 _01127_
 _01128_
 _01129_
 _01130_
 _01132_
 _01133_
 _01134_
 _01135_
 _01137_
 _01138_
 _01139_
 _01140_
 _01142_
 _01143_
 _01144_
 _01145_
 _01148_
 _01149_
 _01150_
 _01151_
 _01154_
 _01155_
 _01156_
 _01157_
 _01159_
 _01160_
 _01161_
 _01162_
 _01164_
 _01165_
 _01166_
 _01167_
 _01169_
 _01170_
 _01171_
 _01172_
 _01175_
 _01176_
 _01177_
 _01178_
 _01181_
 _01182_
 _01183_
 _01184_
 _01186_
 _01187_
 _01188_
 _01189_
 _01191_
 _01192_
 _01193_
 _01194_
 _01196_
 _01197_
 _01198_
 _01199_
 _01202_
 _01203_
 _01204_
 _01205_
 _01686_
 _01689_
 _01692_
 _01695_
 _01707_
 _01721_
 _01728_
 _01734_
 _01747_
 _01760_
 _01773_
 _01786_
 _01799_
 _01812_
 _01826_
 _01839_
 _01852_
 _01865_
 _01878_
 _01891_
 _01898_
 _01904_
 _01911_
 _01920_
 _01929_
 _01938_
 _01947_
 _01956_
 _01965_
 _01974_
 _01983_
 _01992_
 _02001_
 _02010_
 _02019_
 _02028_
 _02037_
 _02046_
 _02055_
 _02063_
 _02073_
 _02217_
 _02366_
 _02378_
 _02542_
 _02559_
 _04089_
 _04129_
 _04140_
 _04144_
 _04201_
 _04223_
 _04267_
 _04268_
 _04283_
 _04330_
 _04334_
 _04366_
 _04391_
 _04398_
 _04409_
 _04411_
 _04419_
 _04425_
 _04430_
 _04437_
 _04446_
 _04449_
 _04457_
 _04469_
 _04472_
 _04473_
 _04478_
 _04483_
 _04494_
 _04505_
 _04508_
 _04509_
 _04538_
 _04554_
 _04599_
 _04623_
 _04650_
 _04710_
 _04737_
 _04748_
 _04861_
 _04868_
 _04870_
 _04916_
 _05003_
 _05013_
 _05015_
 _05071_
 _05072_
 _05076_
 _05080_
 _05082_
 _05087_
 _05138_
 _05145_
 _05170_
 _05194_
 _05198_
 _05199_
 _05202_
 _05209_
 _05211_
 _05218_
 _05221_
 _05253_
 _05267_
 _05280_
 _05281_
 _05283_
 _05285_
 _05349_
 _05375_
 _05383_
 _05454_
 _05457_
 _05465_
 _05529_
 _05545_
 _05546_
 _05554_
 _05562_
 _05652_
 _05741_
 _05744_
 _05760_
 _05841_
 _05847_
 _05851_
 _05859_
 _05929_
 _05933_
 _05969_
 _05972_
 _05982_
 _06016_
 _06052_
 _06056_
 _06096_
 _06105_
 _06110_
 _06119_
 _06142_
 _06177_
 _06182_
 _06225_
 _06231_
 _06236_
 _06243_
 _06253_
 _06255_
 _06274_
 _06308_
 _06310_
 _06313_
 _06316_
 _06318_
 _06368_
 _06378_
 _06379_
 _06384_
 _06389_
 _06399_
 _06402_
 _06428_
 _06461_
 _06518_
 _06526_
 _06535_
 _06547_
 _06555_
 _06572_
 _06607_
 _06625_
 _06640_
 _06672_
 _06677_
 _06710_
 _06725_
 _06731_
 _06732_
 _06735_
 _06752_
 _06757_
 _06758_
 _06784_
 _06803_
 _06807_
 _06808_
 _06811_
 _06813_
 _06815_
 _06836_
 _06843_
 _06864_
 _06879_
 _06891_
 _06911_
 _06915_
 _06936_
 _06967_
 _06972_
 _06993_
 _07022_
 _07057_
 _07078_
 _07095_
 _07096_
 _07110_
 _07136_
 _07138_
 _07145_
 _07155_
 _07161_
 _07166_
 _07169_
 _07196_
 _07227_
 _07234_
 _07259_
 _07271_
 _07274_
 _07291_
 _07312_
 _07313_
 _07318_
 _07326_
 _07327_
 _07347_
 _07351_
 _07378_
 _07408_
 _07424_
 _07429_
 _07432_
 _07438_
 _07440_
 _07462_
 _07464_
 _07500_
 _07513_
 _07523_
 _07530_
 _07533_
 _07537_
 _07543_
 _07564_
 _07601_
 _07612_
 _07627_
 _07628_
 _07645_
 _07665_
 _07685_
 _07686_
 _07689_
 _07725_
 _07740_
 _07765_
 _07801_
 _07819_
 _07839_
 _07840_
 _07843_
 _07854_
 _07868_
 _07869_
 _07872_
 _07900_
 _07904_
 _07923_
 _07924_
 _07933_
 _07937_
 _07943_
 _07997_
 _08013_
 _08030_
 _08031_
 _08039_
 _08059_
 _08115_
 _08116_
 _08124_
 _08125_
 _08151_
 _08182_
 _08188_
 _08191_
 _08232_
 _08290_
 _08298_
 _08308_
 _08314_
 _08320_
 _08324_
 _08368_
 _08369_
 _08372_
 _08415_
 _08446_
 _08449_
 _08451_
 _08454_
 _08457_
 _08461_
 _08479_
 _08520_
 _08535_
 _08538_
 _08612_
 _08682_
 _08689_
 _08691_
 _08715_
 _08738_
 _08741_
 _08743_
 _08747_
 _08760_
 _08765_
 _08790_
 _08794_
 _08878_
 _08921_
 _08941_
 _08949_
 _08954_
 _08979_
 _09003_
 _09060_
 _09099_
 _09106_
 _09129_
 _09136_
 _09188_
 _09215_
 _09253_
 _09276_
 _09280_
 _09307_
 _09321_
 _09322_
 _09331_
 _09398_
 _09438_
 _09441_
 _09484_
 _09486_
 _09501_
 _09505_
 _09509_
 _09615_
 _09632_
 _09634_
 _09642_
 _09664_
 _09665_
 _09669_
 _09674_
 _09744_
 _09792_
 _09816_
 _09819_
 _09824_
 _09829_
 _09838_
 _09839_
 _09843_
 _09848_
 _09850_
 _09858_
 _09891_
 _09913_
 _09981_
 _09991_
 _09994_
 _10001_
 _10005_
 _10008_
 _10017_
 _10019_
 _10057_
 _10091_
 _10129_
 _10151_
 _10155_
 _10162_
 _10169_
 _10181_
 _10183_
 _10242_
 _10249_
 _10284_
 _10307_
 _10311_
 _10318_
 _10331_
 _10332_
 _10342_
 _10370_
 _10405_
 _10441_
 _10463_
 _10467_
 _10472_
 _10475_
 _10486_
 _10492_
 _10496_
 _10503_
 _10596_
 _10617_
 _10621_
 _10631_
 _10642_
 _10646_
 _10649_
 _10653_
 _10662_
 _10699_
 _10756_
 _10761_
 _10778_
 _10783_
 _10786_
 _10797_
 _10798_
 _10808_
 _10809_
 _10818_
 _10843_
 _10878_
 _10907_
 _10913_
 _10930_
 _10937_
 _10948_
 _10950_
 _10952_
 _10961_
 _10966_
 _11070_
 _11089_
 _11095_
 _11106_
 _11110_
 _11115_
 _11147_
 _11151_
 _11185_
 _11208_
 _11229_
 _11234_
 _11240_
 _11248_
 _11291_
 _11324_
 _11333_
 _11349_
 _11356_
 _11358_
 _11362_
 _11379_
 _11382_
 _11387_
 _11396_
 _11409_
 _11432_
 _11466_
 _11470_
 _11483_
 _11495_
 _11506_
 _11518_
 _11524_
 _11537_
 _11558_
 _11596_
 _11601_
 _11607_
 _11613_
 _11624_
 _11646_
 _11697_
 _11715_
 _11720_
 _11728_
 _11737_
 _11804_
 _11821_
 _11824_
 _11829_
 _11850_
 _11898_
 _11911_
 _11919_
 _11923_
 _11924_
 _11938_
 _11943_
 _11996_
 _12001_
 _12021_
 _12038_
 _12095_
 _12096_
 _12109_
 _12113_
 _12115_
 _12134_
 _12144_
 _12184_
 _12195_
 _12211_
 _12261_
 _12268_
 _12272_
 _12278_
 _12287_
 _12295_
 _12339_
 _12347_
 _12351_
 _12358_
 _12368_
 _12490_
 _12495_
 _12555_
 _12560_
 _12574_
 _12584_
 _12633_
 _12634_
 _12636_
 _12641_
 _12657_
 _12658_
 _12665_
 _12669_
 _12678_
 _12682_
 _12684_
 _12685_
 _12686_
 _12692_
 _12696_
 _12700_
 _12701_
 _12703_
 _12705_
 _12708_
 _12709_
 _12711_
 _12713_
 _12717_
 _12718_
 _12720_
 _12722_
 _12725_
 _12726_
 _12728_
 _12730_
 _12735_
 _12736_
 _12738_
 _12740_
 _12743_
 _12744_
 _12746_
 _12748_
 _12752_
 _12753_
 _12754_
 _12756_
 _12760_
 _12761_
 _12763_
 _12765_
 _12770_
 _12773_
 _12782_
 _12799_
 _12801_
 _12806_
 _12810_
 _12817_
 _12819_
 _12821_
 _12826_
 _12827_
 _12831_
 _12847_
 _12852_
 _12884_
 _12891_
 _12893_
 _12896_
 _13004_
 _13015_
 _13016_
 _13021_
 _13055_
 _13081_
 _13084_
 _13088_
 _13089_
 _13104_
 _13107_
 _13110_
 _13117_
 _13120_
 _13122_
 _13125_
 _13130_
 _13132_
 _13134_
 _13147_
 _13155_
 _13157_
 _13164_
 _13168_
 _13172_
 _13177_
 _13191_
 _13212_
 _13235_
 _13242_
 _13253_
 _13254_
 _13255_
 _13256_
 _13257_
 _13258_
 _13259_
 _13260_
 _13261_
 _13262_
 _13263_
 _13264_
 _13265_
 _13268_
 _13269_
 _13276_
 _13277_
 _13278_
 _13279_
 _13282_
 _13284_
 _13317_
 _13318_
 _13325_
 _13332_
 _13336_
 _13337_
 _13338_
 _13339_
 _13340_
 _13341_
 _13342_
 _13343_
 _13344_
 _13345_
 _13346_
 _13347_
 _13348_
 _13377_
 _13382_
 _13390_
 _13396_
 _13401_
 _13406_
 _13411_
 _13416_
 _13424_
 _13429_
 _13434_
 _13439_
 _13444_
 _13451_
 _13547_
 _13565_
 _13571_
 _13579_
 _13714_
 _13735_
 _13736_
 _13785_
 _13875_
 _13878_
 _13964_
 _13982_
 _13984_
 _13988_
 _13999_
 _14002_
 _14004_
 _14011_
 _14016_
 _14018_
 _14024_
 _14028_
 _14030_
 _14045_
 _14051_
 _14054_
 _14058_
 _14063_
 _14067_
 _14074_
 _14077_
 _14091_
 _14094_
 _14096_
 _14102_
 _14115_
 _14116_
 _14132_
 _14151_
 _14152_
 _14164_
 _14165_
 _14172_
 _14176_
 _14177_
 _14180_
 _14188_
 _14195_
 _14274_
 _14278_
 _14284_
 _14290_
 _14296_
 _14302_
 _14307_
 _14313_
 _14319_
 _14326_
 _14332_
 _14338_
 _14345_
 _14351_
 _14364_
 _14371_
 _14377_
 _14382_
 _14388_
 _14393_
 _14403_
 _14409_
 _14415_
 _14421_
 _14427_
 _14433_
 _14437_
 _14442_
 _14449_
 _14451_
 _14535_
 _14553_
 _14554_
 _14560_
 _14564_
 _14574_
 _14579_
 _14586_
 _14621_
 _14627_
 _14636_
 _14638_
 _14640_
 _14647_
 _14648_
 _14649_
 _14657_
 _14668_
 _14678_
 _14684_
 _14689_
 _14696_
 _14723_
 _14751_
 _14753_
 _14773_
 _14782_
 _14814_
 _14817_
 _14840_
 _14846_
 _14847_
 _14850_
 _14861_
 _14904_
 _14914_
 _14982_
 _15000_
 _15007_
 _15009_
 _15040_
 _15050_
 _15061_
 _15096_
 _15130_
 _15145_
 _15156_
 _15170_
[WARNING DPL-0011] Could not find power special net.
Design Stats
--------------------------------
total instances         23797
multi row instances         0
fixed instances          7592
nets                    17741
design area          501956.4 u^2
fixed area            10800.4 u^2
movable area         207416.4 u^2
utilization                42 %
utilization padded         63 %
rows                      260
row height                2.7 u

Placement Analysis
--------------------------------
total displacement    64056.2 u
average displacement      2.7 u
max displacement         75.8 u
original HPWL        807747.5 u
legalized HPWL       863065.2 u
delta HPWL                  7 %

[INFO DPL-0020] Mirrored 6036 instances
[INFO DPL-0021] HPWL before          863065.2 u
[INFO DPL-0022] HPWL after           848717.8 u
[INFO DPL-0023] HPWL delta               -1.7 %
[WARNING DPL-0005] Overlap check failed (131).
 PHY_572 overlaps PHY_1
 PHY_599 overlaps PHY_3
 PHY_653 overlaps PHY_7
 PHY_707 overlaps PHY_11
 PHY_761 overlaps PHY_15
 PHY_815 overlaps PHY_19
 PHY_869 overlaps PHY_23
 PHY_923 overlaps PHY_27
 PHY_977 overlaps PHY_31
 PHY_1031 overlaps PHY_35
 PHY_1085 overlaps PHY_39
 PHY_1139 overlaps PHY_43
 PHY_1193 overlaps PHY_47
 PHY_1247 overlaps PHY_51
 PHY_1301 overlaps PHY_55
 PHY_1355 overlaps PHY_59
 PHY_1409 overlaps PHY_63
 PHY_1463 overlaps PHY_67
 PHY_1517 overlaps PHY_71
 PHY_1571 overlaps PHY_75
 PHY_1625 overlaps PHY_79
 PHY_1679 overlaps PHY_83
 PHY_1733 overlaps PHY_87
 PHY_1787 overlaps PHY_91
 PHY_1841 overlaps PHY_95
 PHY_1895 overlaps PHY_99
 PHY_1949 overlaps PHY_103
 PHY_2003 overlaps PHY_107
 PHY_2057 overlaps PHY_111
 PHY_2111 overlaps PHY_115
 PHY_2165 overlaps PHY_119
 PHY_2219 overlaps PHY_123
 PHY_2273 overlaps PHY_127
 PHY_2327 overlaps PHY_131
 PHY_2381 overlaps PHY_135
 PHY_2435 overlaps PHY_139
 PHY_2489 overlaps PHY_143
 PHY_2543 overlaps PHY_147
 PHY_2597 overlaps PHY_151
 PHY_2651 overlaps PHY_155
 PHY_2705 overlaps PHY_159
 PHY_2759 overlaps PHY_163
 PHY_2813 overlaps PHY_167
 PHY_2867 overlaps PHY_171
 PHY_2921 overlaps PHY_175
 PHY_2975 overlaps PHY_179
 PHY_3029 overlaps PHY_183
 PHY_3083 overlaps PHY_187
 PHY_3137 overlaps PHY_191
 PHY_3191 overlaps PHY_195
 PHY_3245 overlaps PHY_199
 PHY_3299 overlaps PHY_203
 PHY_3353 overlaps PHY_207
 PHY_3407 overlaps PHY_211
 PHY_3461 overlaps PHY_215
 PHY_3515 overlaps PHY_219
 PHY_3569 overlaps PHY_223
 PHY_3623 overlaps PHY_227
 PHY_3677 overlaps PHY_231
 PHY_3731 overlaps PHY_235
 PHY_3785 overlaps PHY_239
 PHY_3839 overlaps PHY_243
 PHY_3893 overlaps PHY_247
 PHY_3947 overlaps PHY_251
 PHY_4001 overlaps PHY_255
 PHY_4055 overlaps PHY_259
 PHY_4109 overlaps PHY_263
 PHY_4163 overlaps PHY_267
 PHY_4217 overlaps PHY_271
 PHY_4271 overlaps PHY_275
 PHY_4325 overlaps PHY_279
 PHY_4379 overlaps PHY_283
 PHY_4433 overlaps PHY_287
 PHY_4487 overlaps PHY_291
 PHY_4541 overlaps PHY_295
 PHY_4595 overlaps PHY_299
 PHY_4649 overlaps PHY_303
 PHY_4703 overlaps PHY_307
 PHY_4757 overlaps PHY_311
 PHY_4811 overlaps PHY_315
 PHY_4865 overlaps PHY_319
 PHY_4919 overlaps PHY_323
 PHY_4973 overlaps PHY_327
 PHY_5027 overlaps PHY_331
 PHY_5081 overlaps PHY_335
 PHY_5135 overlaps PHY_339
 PHY_5189 overlaps PHY_343
 PHY_5243 overlaps PHY_347
 PHY_5297 overlaps PHY_351
 PHY_5351 overlaps PHY_355
 PHY_5405 overlaps PHY_359
 PHY_5459 overlaps PHY_363
 PHY_5513 overlaps PHY_367
 PHY_5567 overlaps PHY_371
 PHY_5621 overlaps PHY_375
 PHY_5675 overlaps PHY_379
 PHY_5729 overlaps PHY_383
 PHY_5783 overlaps PHY_387
 PHY_5837 overlaps PHY_391
 PHY_5891 overlaps PHY_395
 PHY_5945 overlaps PHY_399
 PHY_5999 overlaps PHY_403
 PHY_6053 overlaps PHY_407
 PHY_6107 overlaps PHY_411
 PHY_6161 overlaps PHY_415
 PHY_6215 overlaps PHY_419
 PHY_6269 overlaps PHY_423
 PHY_6323 overlaps PHY_427
 PHY_6377 overlaps PHY_431
 PHY_6431 overlaps PHY_435
 PHY_6485 overlaps PHY_439
 PHY_6539 overlaps PHY_443
 PHY_6593 overlaps PHY_447
 PHY_6647 overlaps PHY_451
 PHY_6701 overlaps PHY_455
 PHY_6755 overlaps PHY_459
 PHY_6809 overlaps PHY_463
 PHY_6863 overlaps PHY_467
 PHY_6917 overlaps PHY_471
 PHY_6971 overlaps PHY_475
 PHY_7025 overlaps PHY_479
 PHY_7079 overlaps PHY_483
 PHY_7133 overlaps PHY_487
 PHY_7187 overlaps PHY_491
 PHY_7241 overlaps PHY_495
 PHY_7295 overlaps PHY_499
 PHY_7349 overlaps PHY_503
 PHY_7403 overlaps PHY_507
 PHY_7457 overlaps PHY_511
 PHY_7511 overlaps PHY_515
 PHY_7591 overlaps PHY_519
