Thu Oct 30 16:34:51 UTC 2025 - Executing "python3 /openLANE_flow/scripts/extract_metal_layers.py -t /home/vsduser/Desktop/work/tools/openlane_working_dir/pdks/sky130A/libs.ref/sky130_fd_sc_hd/techlef/sky130_fd_sc_hd.tlef -o /openLANE_flow/designs/picorv32a/runs/30-10_16-34/tmp/met_layers_list.txt"

Thu Oct 30 16:34:51 UTC 2025 - Executing "/openLANE_flow/scripts/mergeLef.py -i /home/vsduser/Desktop/work/tools/openlane_working_dir/pdks/sky130A/libs.ref/sky130_fd_sc_hd/techlef/sky130_fd_sc_hd.tlef {/home/vsduser/Desktop/work/tools/openlane_working_dir/pdks/sky130A/libs.ref/sky130_fd_sc_hd/lef/sky130_fd_sc_hd.lef /home/vsduser/Desktop/work/tools/openlane_working_dir/pdks/sky130A/libs.ref/sky130_fd_sc_hd/lef/sky130_ef_sc_hd__fill_12.lef /home/vsduser/Desktop/work/tools/openlane_working_dir/pdks/sky130A/libs.ref/sky130_fd_sc_hd/lef/sky130_ef_sc_hd__decap_12.lef /home/vsduser/Desktop/work/tools/openlane_working_dir/pdks/sky130A/libs.ref/sky130_fd_sc_hd/lef/sky130_ef_sc_hd__fakediode_2.lef} -o /openLANE_flow/designs/picorv32a/runs/30-10_16-34/tmp/merged_unpadded.lef |& tee >&@stdout"

Thu Oct 30 16:34:51 UTC 2025 - Executing "/openLANE_flow/scripts/libtrim.pl /home/vsduser/Desktop/work/tools/openlane_working_dir/pdks/sky130A/libs.ref/sky130_fd_sc_hd/lib/sky130_fd_sc_hd__tt_025C_1v80.lib /openLANE_flow/designs/picorv32a/runs/30-10_16-34/tmp/trimmed.lib.exclude.list > /openLANE_flow/designs/picorv32a/runs/30-10_16-34/tmp/trimmed.lib"

Thu Oct 30 16:34:51 UTC 2025 - Executing "echo {openlane v0.21} > /openLANE_flow/designs/picorv32a/runs/30-10_16-34/OPENLANE_VERSION"

Thu Oct 30 16:35:21 UTC 2025 - Executing "sed -E {s/^([[:space:]]+)pg_pin(.*)/\1pin\2\n\1    direction : "inout";/g} /home/vsduser/Desktop/work/tools/openlane_working_dir/pdks/sky130A/libs.ref/sky130_fd_sc_hd/lib/sky130_fd_sc_hd__tt_025C_1v80.lib > /openLANE_flow/designs/picorv32a/runs/30-10_16-34/tmp/sky130_fd_sc_hd__tt_025C_1v80.no_pg.lib"

Thu Oct 30 16:35:21 UTC 2025 - Executing "yosys -c /openLANE_flow/scripts/synth.tcl -l /openLANE_flow/designs/picorv32a/runs/30-10_16-34/logs/synthesis/1-yosys.log |& tee >&@stdout"

Thu Oct 30 16:35:52 UTC 2025 - Executing "sed -i -e {s/\(set ::env(CURRENT_NETLIST)\).*/\1 \/openLANE_flow\/designs\/picorv32a\/runs\/30-10_16-34\/results\/synthesis\/picorv32a.synthesis.v/} /openLANE_flow/designs/picorv32a/runs/30-10_16-34/config.tcl"

Thu Oct 30 16:35:52 UTC 2025 - Executing "sed -i -e {s/\(set ::env(PREV_NETLIST)\).*/\1 0/} /openLANE_flow/designs/picorv32a/runs/30-10_16-34/config.tcl"

Thu Oct 30 16:35:52 UTC 2025 - Executing "sed -i /defparam/d /openLANE_flow/designs/picorv32a/runs/30-10_16-34/results/synthesis/picorv32a.synthesis.v"

Thu Oct 30 16:35:52 UTC 2025 - Executing "sta /openLANE_flow/scripts/sta.tcl |& tee >&@stdout /openLANE_flow/designs/picorv32a/runs/30-10_16-34/logs/synthesis/2-opensta"

Thu Oct 30 16:36:16 UTC 2025 - Executing "openroad -exit /openLANE_flow/scripts/openroad/or_floorplan.tcl |& tee >&@stdout /openLANE_flow/designs/picorv32a/runs/30-10_16-34/logs/floorplan/3-verilog2def.openroad.log"

Thu Oct 30 16:36:18 UTC 2025 - Executing "openroad -exit /openLANE_flow/scripts/openroad/or_ioplacer.tcl |& tee >&@stdout /openLANE_flow/designs/picorv32a/runs/30-10_16-34/logs/floorplan/4-ioPlacer.log"

Thu Oct 30 16:36:19 UTC 2025 - Executing "openroad -exit /openLANE_flow/scripts/openroad/or_tapcell.tcl |& tee >&@stdout /openLANE_flow/designs/picorv32a/runs/30-10_16-34/logs/floorplan/5-tapcell.log"

Thu Oct 30 16:36:20 UTC 2025 - Executing "bash /openLANE_flow/scripts/klayout/scrotLayout.sh /home/vsduser/Desktop/work/tools/openlane_working_dir/pdks/sky130A/libs.tech/klayout/sky130A.lyt /openLANE_flow/designs/picorv32a/runs/30-10_16-34/results/floorplan/picorv32a.floorplan.def |& tee >&@stdout /openLANE_flow/designs/picorv32a/runs/30-10_16-34/logs/klayout/6-klayout.scrot.log"

Thu Oct 30 16:36:25 UTC 2025 - Executing "openroad -exit /openLANE_flow/scripts/openroad/or_pdn.tcl |& tee >&@stdout /openLANE_flow/designs/picorv32a/runs/30-10_16-34/logs/floorplan/7-pdn.log"

Thu Oct 30 17:29:40 UTC 2025 - Executing "openroad -exit /openLANE_flow/scripts/openroad/or_replace.tcl |& tee >&@stdout /openLANE_flow/designs/picorv32a/runs/30-10_16-34/logs/placement/8-replace.log"

Thu Oct 30 17:29:49 UTC 2025 - Executing "openroad -exit /openLANE_flow/scripts/openroad/or_resizer.tcl |& tee >&@stdout /openLANE_flow/designs/picorv32a/runs/30-10_16-34/logs/placement/8-resizer.log"

Thu Oct 30 17:29:56 UTC 2025 - Executing "openroad -exit /openLANE_flow/scripts/openroad/or_write_verilog.tcl |& tee >&@stdout /openLANE_flow/designs/picorv32a/runs/30-10_16-34/logs/9-write_verilog.log"

Thu Oct 30 17:29:57 UTC 2025 - Executing "sed -i -e {s/\(set ::env(CURRENT_NETLIST)\).*/\1 \/openLANE_flow\/designs\/picorv32a\/runs\/30-10_16-34\/results\/synthesis\/picorv32a.synthesis_optimized.v/} /openLANE_flow/designs/picorv32a/runs/30-10_16-34/config.tcl"

Thu Oct 30 17:29:57 UTC 2025 - Executing "sed -i -e {s/\(set ::env(PREV_NETLIST)\).*/\1 \/openLANE_flow\/designs\/picorv32a\/runs\/30-10_16-34\/results\/synthesis\/picorv32a.synthesis.v/} /openLANE_flow/designs/picorv32a/runs/30-10_16-34/config.tcl"

Thu Oct 30 17:29:57 UTC 2025 - Executing "sta /openLANE_flow/scripts/sta.tcl |& tee >&@stdout /openLANE_flow/designs/picorv32a/runs/30-10_16-34/logs/synthesis/10-opensta_post_resizer"

Thu Oct 30 17:29:58 UTC 2025 - Executing "openroad -exit /openLANE_flow/scripts/openroad/or_opendp.tcl |& tee >&@stdout /openLANE_flow/designs/picorv32a/runs/30-10_16-34/logs/placement/11-opendp.log"

Thu Oct 30 17:29:59 UTC 2025 - Executing "bash /openLANE_flow/scripts/klayout/scrotLayout.sh /home/vsduser/Desktop/work/tools/openlane_working_dir/pdks/sky130A/libs.tech/klayout/sky130A.lyt /openLANE_flow/designs/picorv32a/runs/30-10_16-34/results/placement/picorv32a.placement.def |& tee >&@stdout /openLANE_flow/designs/picorv32a/runs/30-10_16-34/logs/klayout/12-klayout.scrot.log"

